<?xml version="1.0" encoding="UTF-8"?>
<testsuite name="com.everyparking.server.ServerApplicationTests" tests="1" skipped="0" failures="0" errors="0" timestamp="2023-05-27T06:12:38" hostname="WANS-A1234" time="0.11">
  <properties/>
  <testcase name="contextLoads()" classname="com.everyparking.server.ServerApplicationTests" time="0.11"/>
  <system-out><![CDATA[15:12:18.243 [Test worker] DEBUG org.springframework.test.context.BootstrapUtils - Instantiating CacheAwareContextLoaderDelegate from class [org.springframework.test.context.cache.DefaultCacheAwareContextLoaderDelegate]
15:12:18.254 [Test worker] DEBUG org.springframework.test.context.BootstrapUtils - Instantiating BootstrapContext using constructor [public org.springframework.test.context.support.DefaultBootstrapContext(java.lang.Class,org.springframework.test.context.CacheAwareContextLoaderDelegate)]
15:12:18.288 [Test worker] DEBUG org.springframework.test.context.BootstrapUtils - Instantiating TestContextBootstrapper for test class [com.everyparking.server.ServerApplicationTests] from class [org.springframework.boot.test.context.SpringBootTestContextBootstrapper]
15:12:18.302 [Test worker] INFO org.springframework.boot.test.context.SpringBootTestContextBootstrapper - Neither @ContextConfiguration nor @ContextHierarchy found for test class [com.everyparking.server.ServerApplicationTests], using SpringBootContextLoader
15:12:18.307 [Test worker] DEBUG org.springframework.test.context.support.AbstractContextLoader - Did not detect default resource location for test class [com.everyparking.server.ServerApplicationTests]: class path resource [com/everyparking/server/ServerApplicationTests-context.xml] does not exist
15:12:18.308 [Test worker] DEBUG org.springframework.test.context.support.AbstractContextLoader - Did not detect default resource location for test class [com.everyparking.server.ServerApplicationTests]: class path resource [com/everyparking/server/ServerApplicationTestsContext.groovy] does not exist
15:12:18.308 [Test worker] INFO org.springframework.test.context.support.AbstractContextLoader - Could not detect default resource locations for test class [com.everyparking.server.ServerApplicationTests]: no resource found for suffixes {-context.xml, Context.groovy}.
15:12:18.309 [Test worker] INFO org.springframework.test.context.support.AnnotationConfigContextLoaderUtils - Could not detect default configuration classes for test class [com.everyparking.server.ServerApplicationTests]: ServerApplicationTests does not declare any static, non-private, non-final, nested classes annotated with @Configuration.
15:12:18.357 [Test worker] DEBUG org.springframework.test.context.support.ActiveProfilesUtils - Could not find an 'annotation declaring class' for annotation type [org.springframework.test.context.ActiveProfiles] and class [com.everyparking.server.ServerApplicationTests]
15:12:18.445 [Test worker] DEBUG org.springframework.context.annotation.ClassPathScanningCandidateComponentProvider - Identified candidate component class: file [C:\workspace\EveryParking\build\classes\java\main\com\everyparking\server\ServerApplication.class]
15:12:18.446 [Test worker] INFO org.springframework.boot.test.context.SpringBootTestContextBootstrapper - Found @SpringBootConfiguration com.everyparking.server.ServerApplication for test class com.everyparking.server.ServerApplicationTests
15:12:18.568 [Test worker] DEBUG org.springframework.boot.test.context.SpringBootTestContextBootstrapper - @TestExecutionListeners is not present for class [com.everyparking.server.ServerApplicationTests]: using defaults.
15:12:18.568 [Test worker] INFO org.springframework.boot.test.context.SpringBootTestContextBootstrapper - Loaded default TestExecutionListener class names from location [META-INF/spring.factories]: [org.springframework.boot.test.autoconfigure.restdocs.RestDocsTestExecutionListener, org.springframework.boot.test.autoconfigure.web.client.MockRestServiceServerResetTestExecutionListener, org.springframework.boot.test.autoconfigure.web.servlet.MockMvcPrintOnlyOnFailureTestExecutionListener, org.springframework.boot.test.autoconfigure.web.servlet.WebDriverTestExecutionListener, org.springframework.boot.test.autoconfigure.webservices.client.MockWebServiceServerTestExecutionListener, org.springframework.boot.test.mock.mockito.MockitoTestExecutionListener, org.springframework.boot.test.mock.mockito.ResetMocksTestExecutionListener, org.springframework.test.context.web.ServletTestExecutionListener, org.springframework.test.context.support.DirtiesContextBeforeModesTestExecutionListener, org.springframework.test.context.event.ApplicationEventsTestExecutionListener, org.springframework.test.context.support.DependencyInjectionTestExecutionListener, org.springframework.test.context.support.DirtiesContextTestExecutionListener, org.springframework.test.context.transaction.TransactionalTestExecutionListener, org.springframework.test.context.jdbc.SqlScriptsTestExecutionListener, org.springframework.test.context.event.EventPublishingTestExecutionListener]
15:12:18.583 [Test worker] INFO org.springframework.boot.test.context.SpringBootTestContextBootstrapper - Using TestExecutionListeners: [org.springframework.test.context.web.ServletTestExecutionListener@3228d990, org.springframework.test.context.support.DirtiesContextBeforeModesTestExecutionListener@54e7391d, org.springframework.test.context.event.ApplicationEventsTestExecutionListener@50b8ae8d, org.springframework.boot.test.mock.mockito.MockitoTestExecutionListener@255990cc, org.springframework.boot.test.autoconfigure.SpringBootDependencyInjectionTestExecutionListener@51c929ae, org.springframework.test.context.support.DirtiesContextTestExecutionListener@3c8bdd5b, org.springframework.test.context.transaction.TransactionalTestExecutionListener@29d2d081, org.springframework.test.context.jdbc.SqlScriptsTestExecutionListener@40e4ea87, org.springframework.test.context.event.EventPublishingTestExecutionListener@58783f6c, org.springframework.boot.test.autoconfigure.restdocs.RestDocsTestExecutionListener@3a7b503d, org.springframework.boot.test.autoconfigure.web.client.MockRestServiceServerResetTestExecutionListener@512d92b, org.springframework.boot.test.autoconfigure.web.servlet.MockMvcPrintOnlyOnFailureTestExecutionListener@62c5bbdc, org.springframework.boot.test.autoconfigure.web.servlet.WebDriverTestExecutionListener@7bdf6bb7, org.springframework.boot.test.autoconfigure.webservices.client.MockWebServiceServerTestExecutionListener@1bc53649, org.springframework.boot.test.mock.mockito.ResetMocksTestExecutionListener@88d6f9b]
15:12:18.587 [Test worker] DEBUG org.springframework.test.context.support.AbstractDirtiesContextTestExecutionListener - Before test class: context [DefaultTestContext@3fabf088 testClass = ServerApplicationTests, testInstance = [null], testMethod = [null], testException = [null], mergedContextConfiguration = [WebMergedContextConfiguration@1e392345 testClass = ServerApplicationTests, locations = '{}', classes = '{class com.everyparking.server.ServerApplication}', contextInitializerClasses = '[]', activeProfiles = '{}', propertySourceLocations = '{}', propertySourceProperties = '{org.springframework.boot.test.context.SpringBootTestContextBootstrapper=true}', contextCustomizers = set[org.springframework.boot.test.autoconfigure.actuate.metrics.MetricsExportContextCustomizerFactory$DisableMetricExportContextCustomizer@674658f7, org.springframework.boot.test.autoconfigure.properties.PropertyMappingContextCustomizer@0, org.springframework.boot.test.autoconfigure.web.servlet.WebDriverContextCustomizerFactory$Customizer@3e5499cc, org.springframework.boot.test.context.filter.ExcludeFilterContextCustomizer@15cafec7, org.springframework.boot.test.json.DuplicateJsonObjectContextCustomizerFactory$DuplicateJsonObjectContextCustomizer@792bbc74, org.springframework.boot.test.mock.mockito.MockitoContextCustomizer@0, org.springframework.boot.test.web.client.TestRestTemplateContextCustomizer@531c311e, org.springframework.boot.test.context.SpringBootTestArgs@1, org.springframework.boot.test.context.SpringBootTestWebEnvironment@3b5fad2d], resourceBasePath = 'src/main/webapp', contextLoader = 'org.springframework.boot.test.context.SpringBootContextLoader', parent = [null]], attributes = map['org.springframework.test.context.web.ServletTestExecutionListener.activateListener' -> true]], class annotated with @DirtiesContext [false] with mode [null].

  .   ____          _            __ _ _
 /\\ / ___'_ __ _ _(_)_ __  __ _ \ \ \ \
( ( )\___ | '_ | '_| | '_ \/ _` | \ \ \ \
 \\/  ___)| |_)| | | | | || (_| |  ) ) ) )
  '  |____| .__|_| |_|_| |_\__, | / / / /
 =========|_|==============|___/=/_/_/_/
 :: Spring Boot ::                (v2.7.9)

2023-05-27 15:12:19.030  INFO 180476 --- [    Test worker] c.e.server.ServerApplicationTests        : Starting ServerApplicationTests using Java 11.0.18 on WANS-A1234 with PID 180476 (started by swan in C:\workspace\EveryParking)
2023-05-27 15:12:19.031  INFO 180476 --- [    Test worker] c.e.server.ServerApplicationTests        : No active profile set, falling back to 1 default profile: "default"
2023-05-27 15:12:20.094  INFO 180476 --- [    Test worker] .s.d.r.c.RepositoryConfigurationDelegate : Bootstrapping Spring Data JPA repositories in DEFAULT mode.
2023-05-27 15:12:20.210  INFO 180476 --- [    Test worker] .s.d.r.c.RepositoryConfigurationDelegate : Finished Spring Data repository scanning in 109 ms. Found 8 JPA repository interfaces.
2023-05-27 15:12:20.937  INFO 180476 --- [    Test worker] o.hibernate.jpa.internal.util.LogHelper  : HHH000204: Processing PersistenceUnitInfo [name: default]
2023-05-27 15:12:21.010  INFO 180476 --- [    Test worker] org.hibernate.Version                    : HHH000412: Hibernate ORM core version 5.6.15.Final
2023-05-27 15:12:21.237  INFO 180476 --- [    Test worker] o.hibernate.annotations.common.Version   : HCANN000001: Hibernate Commons Annotations {5.1.2.Final}
2023-05-27 15:12:21.280 DEBUG 180476 --- [    Test worker] org.hibernate.type.BasicTypeRegistry     : Adding type registration boolean -> org.hibernate.type.BooleanType@69a373fd
2023-05-27 15:12:21.281 DEBUG 180476 --- [    Test worker] org.hibernate.type.BasicTypeRegistry     : Adding type registration boolean -> org.hibernate.type.BooleanType@69a373fd
2023-05-27 15:12:21.281 DEBUG 180476 --- [    Test worker] org.hibernate.type.BasicTypeRegistry     : Adding type registration java.lang.Boolean -> org.hibernate.type.BooleanType@69a373fd
2023-05-27 15:12:21.283 DEBUG 180476 --- [    Test worker] org.hibernate.type.BasicTypeRegistry     : Adding type registration numeric_boolean -> org.hibernate.type.NumericBooleanType@372954e1
2023-05-27 15:12:21.285 DEBUG 180476 --- [    Test worker] org.hibernate.type.BasicTypeRegistry     : Adding type registration true_false -> org.hibernate.type.TrueFalseType@1002d192
2023-05-27 15:12:21.287 DEBUG 180476 --- [    Test worker] org.hibernate.type.BasicTypeRegistry     : Adding type registration yes_no -> org.hibernate.type.YesNoType@55c50f52
2023-05-27 15:12:21.291 DEBUG 180476 --- [    Test worker] org.hibernate.type.BasicTypeRegistry     : Adding type registration byte -> org.hibernate.type.ByteType@722787b5
2023-05-27 15:12:21.291 DEBUG 180476 --- [    Test worker] org.hibernate.type.BasicTypeRegistry     : Adding type registration byte -> org.hibernate.type.ByteType@722787b5
2023-05-27 15:12:21.291 DEBUG 180476 --- [    Test worker] org.hibernate.type.BasicTypeRegistry     : Adding type registration java.lang.Byte -> org.hibernate.type.ByteType@722787b5
2023-05-27 15:12:21.293 DEBUG 180476 --- [    Test worker] org.hibernate.type.BasicTypeRegistry     : Adding type registration character -> org.hibernate.type.CharacterType@2ccc9681
2023-05-27 15:12:21.294 DEBUG 180476 --- [    Test worker] org.hibernate.type.BasicTypeRegistry     : Adding type registration char -> org.hibernate.type.CharacterType@2ccc9681
2023-05-27 15:12:21.294 DEBUG 180476 --- [    Test worker] org.hibernate.type.BasicTypeRegistry     : Adding type registration java.lang.Character -> org.hibernate.type.CharacterType@2ccc9681
2023-05-27 15:12:21.296 DEBUG 180476 --- [    Test worker] org.hibernate.type.BasicTypeRegistry     : Adding type registration short -> org.hibernate.type.ShortType@1b31af02
2023-05-27 15:12:21.297 DEBUG 180476 --- [    Test worker] org.hibernate.type.BasicTypeRegistry     : Adding type registration short -> org.hibernate.type.ShortType@1b31af02
2023-05-27 15:12:21.297 DEBUG 180476 --- [    Test worker] org.hibernate.type.BasicTypeRegistry     : Adding type registration java.lang.Short -> org.hibernate.type.ShortType@1b31af02
2023-05-27 15:12:21.299 DEBUG 180476 --- [    Test worker] org.hibernate.type.BasicTypeRegistry     : Adding type registration integer -> org.hibernate.type.IntegerType@6e807e2
2023-05-27 15:12:21.299 DEBUG 180476 --- [    Test worker] org.hibernate.type.BasicTypeRegistry     : Adding type registration int -> org.hibernate.type.IntegerType@6e807e2
2023-05-27 15:12:21.299 DEBUG 180476 --- [    Test worker] org.hibernate.type.BasicTypeRegistry     : Adding type registration java.lang.Integer -> org.hibernate.type.IntegerType@6e807e2
2023-05-27 15:12:21.303 DEBUG 180476 --- [    Test worker] org.hibernate.type.BasicTypeRegistry     : Adding type registration long -> org.hibernate.type.LongType@19d53ab4
2023-05-27 15:12:21.303 DEBUG 180476 --- [    Test worker] org.hibernate.type.BasicTypeRegistry     : Adding type registration long -> org.hibernate.type.LongType@19d53ab4
2023-05-27 15:12:21.303 DEBUG 180476 --- [    Test worker] org.hibernate.type.BasicTypeRegistry     : Adding type registration java.lang.Long -> org.hibernate.type.LongType@19d53ab4
2023-05-27 15:12:21.304 DEBUG 180476 --- [    Test worker] org.hibernate.type.BasicTypeRegistry     : Adding type registration float -> org.hibernate.type.FloatType@652e345
2023-05-27 15:12:21.304 DEBUG 180476 --- [    Test worker] org.hibernate.type.BasicTypeRegistry     : Adding type registration float -> org.hibernate.type.FloatType@652e345
2023-05-27 15:12:21.305 DEBUG 180476 --- [    Test worker] org.hibernate.type.BasicTypeRegistry     : Adding type registration java.lang.Float -> org.hibernate.type.FloatType@652e345
2023-05-27 15:12:21.305 DEBUG 180476 --- [    Test worker] org.hibernate.type.BasicTypeRegistry     : Adding type registration double -> org.hibernate.type.DoubleType@1af677f8
2023-05-27 15:12:21.305 DEBUG 180476 --- [    Test worker] org.hibernate.type.BasicTypeRegistry     : Adding type registration double -> org.hibernate.type.DoubleType@1af677f8
2023-05-27 15:12:21.306 DEBUG 180476 --- [    Test worker] org.hibernate.type.BasicTypeRegistry     : Adding type registration java.lang.Double -> org.hibernate.type.DoubleType@1af677f8
2023-05-27 15:12:21.307 DEBUG 180476 --- [    Test worker] org.hibernate.type.BasicTypeRegistry     : Adding type registration big_decimal -> org.hibernate.type.BigDecimalType@2dcd0e41
2023-05-27 15:12:21.307 DEBUG 180476 --- [    Test worker] org.hibernate.type.BasicTypeRegistry     : Adding type registration java.math.BigDecimal -> org.hibernate.type.BigDecimalType@2dcd0e41
2023-05-27 15:12:21.309 DEBUG 180476 --- [    Test worker] org.hibernate.type.BasicTypeRegistry     : Adding type registration big_integer -> org.hibernate.type.BigIntegerType@3a45afd4
2023-05-27 15:12:21.309 DEBUG 180476 --- [    Test worker] org.hibernate.type.BasicTypeRegistry     : Adding type registration java.math.BigInteger -> org.hibernate.type.BigIntegerType@3a45afd4
2023-05-27 15:12:21.312 DEBUG 180476 --- [    Test worker] org.hibernate.type.BasicTypeRegistry     : Adding type registration string -> org.hibernate.type.StringType@2035d65b
2023-05-27 15:12:21.312 DEBUG 180476 --- [    Test worker] org.hibernate.type.BasicTypeRegistry     : Adding type registration java.lang.String -> org.hibernate.type.StringType@2035d65b
2023-05-27 15:12:21.313 DEBUG 180476 --- [    Test worker] org.hibernate.type.BasicTypeRegistry     : Adding type registration nstring -> org.hibernate.type.StringNVarcharType@5d1a859c
2023-05-27 15:12:21.314 DEBUG 180476 --- [    Test worker] org.hibernate.type.BasicTypeRegistry     : Adding type registration ncharacter -> org.hibernate.type.CharacterNCharType@3070f3e6
2023-05-27 15:12:21.315 DEBUG 180476 --- [    Test worker] org.hibernate.type.BasicTypeRegistry     : Adding type registration url -> org.hibernate.type.UrlType@4fc6e776
2023-05-27 15:12:21.315 DEBUG 180476 --- [    Test worker] org.hibernate.type.BasicTypeRegistry     : Adding type registration java.net.URL -> org.hibernate.type.UrlType@4fc6e776
2023-05-27 15:12:21.316 DEBUG 180476 --- [    Test worker] org.hibernate.type.BasicTypeRegistry     : Adding type registration Duration -> org.hibernate.type.DurationType@32da97fd
2023-05-27 15:12:21.316 DEBUG 180476 --- [    Test worker] org.hibernate.type.BasicTypeRegistry     : Adding type registration java.time.Duration -> org.hibernate.type.DurationType@32da97fd
2023-05-27 15:12:21.319 DEBUG 180476 --- [    Test worker] org.hibernate.type.BasicTypeRegistry     : Adding type registration Instant -> org.hibernate.type.InstantType@365cef67
2023-05-27 15:12:21.319 DEBUG 180476 --- [    Test worker] org.hibernate.type.BasicTypeRegistry     : Adding type registration java.time.Instant -> org.hibernate.type.InstantType@365cef67
2023-05-27 15:12:21.320 DEBUG 180476 --- [    Test worker] org.hibernate.type.BasicTypeRegistry     : Adding type registration LocalDateTime -> org.hibernate.type.LocalDateTimeType@b7d2d51
2023-05-27 15:12:21.320 DEBUG 180476 --- [    Test worker] org.hibernate.type.BasicTypeRegistry     : Adding type registration java.time.LocalDateTime -> org.hibernate.type.LocalDateTimeType@b7d2d51
2023-05-27 15:12:21.322 DEBUG 180476 --- [    Test worker] org.hibernate.type.BasicTypeRegistry     : Adding type registration LocalDate -> org.hibernate.type.LocalDateType@5d601832
2023-05-27 15:12:21.322 DEBUG 180476 --- [    Test worker] org.hibernate.type.BasicTypeRegistry     : Adding type registration java.time.LocalDate -> org.hibernate.type.LocalDateType@5d601832
2023-05-27 15:12:21.324 DEBUG 180476 --- [    Test worker] org.hibernate.type.BasicTypeRegistry     : Adding type registration LocalTime -> org.hibernate.type.LocalTimeType@6a96d639
2023-05-27 15:12:21.324 DEBUG 180476 --- [    Test worker] org.hibernate.type.BasicTypeRegistry     : Adding type registration java.time.LocalTime -> org.hibernate.type.LocalTimeType@6a96d639
2023-05-27 15:12:21.326 DEBUG 180476 --- [    Test worker] org.hibernate.type.BasicTypeRegistry     : Adding type registration OffsetDateTime -> org.hibernate.type.OffsetDateTimeType@1e120628
2023-05-27 15:12:21.326 DEBUG 180476 --- [    Test worker] org.hibernate.type.BasicTypeRegistry     : Adding type registration java.time.OffsetDateTime -> org.hibernate.type.OffsetDateTimeType@1e120628
2023-05-27 15:12:21.327 DEBUG 180476 --- [    Test worker] org.hibernate.type.BasicTypeRegistry     : Adding type registration OffsetTime -> org.hibernate.type.OffsetTimeType@baa9ce4
2023-05-27 15:12:21.327 DEBUG 180476 --- [    Test worker] org.hibernate.type.BasicTypeRegistry     : Adding type registration java.time.OffsetTime -> org.hibernate.type.OffsetTimeType@baa9ce4
2023-05-27 15:12:21.328 DEBUG 180476 --- [    Test worker] org.hibernate.type.BasicTypeRegistry     : Adding type registration ZonedDateTime -> org.hibernate.type.ZonedDateTimeType@4e5c8ef3
2023-05-27 15:12:21.328 DEBUG 180476 --- [    Test worker] org.hibernate.type.BasicTypeRegistry     : Adding type registration java.time.ZonedDateTime -> org.hibernate.type.ZonedDateTimeType@4e5c8ef3
2023-05-27 15:12:21.329 DEBUG 180476 --- [    Test worker] org.hibernate.type.BasicTypeRegistry     : Adding type registration date -> org.hibernate.type.DateType@25e8e59
2023-05-27 15:12:21.329 DEBUG 180476 --- [    Test worker] org.hibernate.type.BasicTypeRegistry     : Adding type registration java.sql.Date -> org.hibernate.type.DateType@25e8e59
2023-05-27 15:12:21.331 DEBUG 180476 --- [    Test worker] org.hibernate.type.BasicTypeRegistry     : Adding type registration time -> org.hibernate.type.TimeType@1753475d
2023-05-27 15:12:21.331 DEBUG 180476 --- [    Test worker] org.hibernate.type.BasicTypeRegistry     : Adding type registration java.sql.Time -> org.hibernate.type.TimeType@1753475d
2023-05-27 15:12:21.332 DEBUG 180476 --- [    Test worker] org.hibernate.type.BasicTypeRegistry     : Adding type registration timestamp -> org.hibernate.type.TimestampType@5c70d7f0
2023-05-27 15:12:21.332 DEBUG 180476 --- [    Test worker] org.hibernate.type.BasicTypeRegistry     : Adding type registration java.sql.Timestamp -> org.hibernate.type.TimestampType@5c70d7f0
2023-05-27 15:12:21.332 DEBUG 180476 --- [    Test worker] org.hibernate.type.BasicTypeRegistry     : Adding type registration java.util.Date -> org.hibernate.type.TimestampType@5c70d7f0
2023-05-27 15:12:21.333 DEBUG 180476 --- [    Test worker] org.hibernate.type.BasicTypeRegistry     : Adding type registration dbtimestamp -> org.hibernate.type.DbTimestampType@635ff2a5
2023-05-27 15:12:21.334 DEBUG 180476 --- [    Test worker] org.hibernate.type.BasicTypeRegistry     : Adding type registration calendar -> org.hibernate.type.CalendarType@4ef5dd23
2023-05-27 15:12:21.335 DEBUG 180476 --- [    Test worker] org.hibernate.type.BasicTypeRegistry     : Adding type registration java.util.Calendar -> org.hibernate.type.CalendarType@4ef5dd23
2023-05-27 15:12:21.335 DEBUG 180476 --- [    Test worker] org.hibernate.type.BasicTypeRegistry     : Adding type registration java.util.GregorianCalendar -> org.hibernate.type.CalendarType@4ef5dd23
2023-05-27 15:12:21.336 DEBUG 180476 --- [    Test worker] org.hibernate.type.BasicTypeRegistry     : Adding type registration calendar_date -> org.hibernate.type.CalendarDateType@66a82a13
2023-05-27 15:12:21.337 DEBUG 180476 --- [    Test worker] org.hibernate.type.BasicTypeRegistry     : Adding type registration calendar_time -> org.hibernate.type.CalendarTimeType@16a6dc21
2023-05-27 15:12:21.338 DEBUG 180476 --- [    Test worker] org.hibernate.type.BasicTypeRegistry     : Adding type registration locale -> org.hibernate.type.LocaleType@1c6e3ff9
2023-05-27 15:12:21.339 DEBUG 180476 --- [    Test worker] org.hibernate.type.BasicTypeRegistry     : Adding type registration java.util.Locale -> org.hibernate.type.LocaleType@1c6e3ff9
2023-05-27 15:12:21.341 DEBUG 180476 --- [    Test worker] org.hibernate.type.BasicTypeRegistry     : Adding type registration currency -> org.hibernate.type.CurrencyType@33f4c769
2023-05-27 15:12:21.341 DEBUG 180476 --- [    Test worker] org.hibernate.type.BasicTypeRegistry     : Adding type registration java.util.Currency -> org.hibernate.type.CurrencyType@33f4c769
2023-05-27 15:12:21.343 DEBUG 180476 --- [    Test worker] org.hibernate.type.BasicTypeRegistry     : Adding type registration timezone -> org.hibernate.type.TimeZoneType@1c68d0db
2023-05-27 15:12:21.343 DEBUG 180476 --- [    Test worker] org.hibernate.type.BasicTypeRegistry     : Adding type registration java.util.TimeZone -> org.hibernate.type.TimeZoneType@1c68d0db
2023-05-27 15:12:21.345 DEBUG 180476 --- [    Test worker] org.hibernate.type.BasicTypeRegistry     : Adding type registration class -> org.hibernate.type.ClassType@609b041c
2023-05-27 15:12:21.345 DEBUG 180476 --- [    Test worker] org.hibernate.type.BasicTypeRegistry     : Adding type registration java.lang.Class -> org.hibernate.type.ClassType@609b041c
2023-05-27 15:12:21.346 DEBUG 180476 --- [    Test worker] org.hibernate.type.BasicTypeRegistry     : Adding type registration uuid-binary -> org.hibernate.type.UUIDBinaryType@2eebce87
2023-05-27 15:12:21.347 DEBUG 180476 --- [    Test worker] org.hibernate.type.BasicTypeRegistry     : Adding type registration java.util.UUID -> org.hibernate.type.UUIDBinaryType@2eebce87
2023-05-27 15:12:21.348 DEBUG 180476 --- [    Test worker] org.hibernate.type.BasicTypeRegistry     : Adding type registration uuid-char -> org.hibernate.type.UUIDCharType@4899799b
2023-05-27 15:12:21.350 DEBUG 180476 --- [    Test worker] org.hibernate.type.BasicTypeRegistry     : Adding type registration binary -> org.hibernate.type.BinaryType@53bb71e5
2023-05-27 15:12:21.350 DEBUG 180476 --- [    Test worker] org.hibernate.type.BasicTypeRegistry     : Adding type registration byte[] -> org.hibernate.type.BinaryType@53bb71e5
2023-05-27 15:12:21.350 DEBUG 180476 --- [    Test worker] org.hibernate.type.BasicTypeRegistry     : Adding type registration [B -> org.hibernate.type.BinaryType@53bb71e5
2023-05-27 15:12:21.351 DEBUG 180476 --- [    Test worker] org.hibernate.type.BasicTypeRegistry     : Adding type registration wrapper-binary -> org.hibernate.type.WrapperBinaryType@698d6d30
2023-05-27 15:12:21.351 DEBUG 180476 --- [    Test worker] org.hibernate.type.BasicTypeRegistry     : Adding type registration Byte[] -> org.hibernate.type.WrapperBinaryType@698d6d30
2023-05-27 15:12:21.351 DEBUG 180476 --- [    Test worker] org.hibernate.type.BasicTypeRegistry     : Adding type registration [Ljava.lang.Byte; -> org.hibernate.type.WrapperBinaryType@698d6d30
2023-05-27 15:12:21.352 DEBUG 180476 --- [    Test worker] org.hibernate.type.BasicTypeRegistry     : Adding type registration row_version -> org.hibernate.type.RowVersionType@28cb86b2
2023-05-27 15:12:21.352 DEBUG 180476 --- [    Test worker] org.hibernate.type.BasicTypeRegistry     : Adding type registration image -> org.hibernate.type.ImageType@3b3056a6
2023-05-27 15:12:21.353 DEBUG 180476 --- [    Test worker] org.hibernate.type.BasicTypeRegistry     : Adding type registration characters -> org.hibernate.type.CharArrayType@29dcdd1c
2023-05-27 15:12:21.353 DEBUG 180476 --- [    Test worker] org.hibernate.type.BasicTypeRegistry     : Adding type registration char[] -> org.hibernate.type.CharArrayType@29dcdd1c
2023-05-27 15:12:21.353 DEBUG 180476 --- [    Test worker] org.hibernate.type.BasicTypeRegistry     : Adding type registration [C -> org.hibernate.type.CharArrayType@29dcdd1c
2023-05-27 15:12:21.354 DEBUG 180476 --- [    Test worker] org.hibernate.type.BasicTypeRegistry     : Adding type registration wrapper-characters -> org.hibernate.type.CharacterArrayType@4ff66917
2023-05-27 15:12:21.354 DEBUG 180476 --- [    Test worker] org.hibernate.type.BasicTypeRegistry     : Adding type registration [Ljava.lang.Character; -> org.hibernate.type.CharacterArrayType@4ff66917
2023-05-27 15:12:21.354 DEBUG 180476 --- [    Test worker] org.hibernate.type.BasicTypeRegistry     : Adding type registration Character[] -> org.hibernate.type.CharacterArrayType@4ff66917
2023-05-27 15:12:21.355 DEBUG 180476 --- [    Test worker] org.hibernate.type.BasicTypeRegistry     : Adding type registration text -> org.hibernate.type.TextType@919086
2023-05-27 15:12:21.355 DEBUG 180476 --- [    Test worker] org.hibernate.type.BasicTypeRegistry     : Adding type registration ntext -> org.hibernate.type.NTextType@1182413a
2023-05-27 15:12:21.356 DEBUG 180476 --- [    Test worker] org.hibernate.type.BasicTypeRegistry     : Adding type registration blob -> org.hibernate.type.BlobType@6b9697ae
2023-05-27 15:12:21.356 DEBUG 180476 --- [    Test worker] org.hibernate.type.BasicTypeRegistry     : Adding type registration java.sql.Blob -> org.hibernate.type.BlobType@6b9697ae
2023-05-27 15:12:21.357 DEBUG 180476 --- [    Test worker] org.hibernate.type.BasicTypeRegistry     : Adding type registration materialized_blob -> org.hibernate.type.MaterializedBlobType@5546e754
2023-05-27 15:12:21.359 DEBUG 180476 --- [    Test worker] org.hibernate.type.BasicTypeRegistry     : Adding type registration clob -> org.hibernate.type.ClobType@3babcaed
2023-05-27 15:12:21.359 DEBUG 180476 --- [    Test worker] org.hibernate.type.BasicTypeRegistry     : Adding type registration java.sql.Clob -> org.hibernate.type.ClobType@3babcaed
2023-05-27 15:12:21.360 DEBUG 180476 --- [    Test worker] org.hibernate.type.BasicTypeRegistry     : Adding type registration nclob -> org.hibernate.type.NClobType@6b09ce57
2023-05-27 15:12:21.360 DEBUG 180476 --- [    Test worker] org.hibernate.type.BasicTypeRegistry     : Adding type registration java.sql.NClob -> org.hibernate.type.NClobType@6b09ce57
2023-05-27 15:12:21.361 DEBUG 180476 --- [    Test worker] org.hibernate.type.BasicTypeRegistry     : Adding type registration materialized_clob -> org.hibernate.type.MaterializedClobType@23ea8830
2023-05-27 15:12:21.362 DEBUG 180476 --- [    Test worker] org.hibernate.type.BasicTypeRegistry     : Adding type registration materialized_nclob -> org.hibernate.type.MaterializedNClobType@2cee5365
2023-05-27 15:12:21.363 DEBUG 180476 --- [    Test worker] org.hibernate.type.BasicTypeRegistry     : Adding type registration serializable -> org.hibernate.type.SerializableType@1fc0d9b4
2023-05-27 15:12:21.366 DEBUG 180476 --- [    Test worker] org.hibernate.type.BasicTypeRegistry     : Adding type registration object -> org.hibernate.type.ObjectType@73aaec54
2023-05-27 15:12:21.366 DEBUG 180476 --- [    Test worker] org.hibernate.type.BasicTypeRegistry     : Adding type registration java.lang.Object -> org.hibernate.type.ObjectType@73aaec54
2023-05-27 15:12:21.367 DEBUG 180476 --- [    Test worker] org.hibernate.type.BasicTypeRegistry     : Adding type registration imm_date -> org.hibernate.type.AdaptedImmutableType@49038f97
2023-05-27 15:12:21.367 DEBUG 180476 --- [    Test worker] org.hibernate.type.BasicTypeRegistry     : Adding type registration imm_time -> org.hibernate.type.AdaptedImmutableType@36211bbc
2023-05-27 15:12:21.367 DEBUG 180476 --- [    Test worker] org.hibernate.type.BasicTypeRegistry     : Adding type registration imm_timestamp -> org.hibernate.type.AdaptedImmutableType@7ef41ca2
2023-05-27 15:12:21.367 DEBUG 180476 --- [    Test worker] org.hibernate.type.BasicTypeRegistry     : Adding type registration imm_dbtimestamp -> org.hibernate.type.AdaptedImmutableType@6b3f4bd8
2023-05-27 15:12:21.367 DEBUG 180476 --- [    Test worker] org.hibernate.type.BasicTypeRegistry     : Adding type registration imm_calendar -> org.hibernate.type.AdaptedImmutableType@3e151e1f
2023-05-27 15:12:21.367 DEBUG 180476 --- [    Test worker] org.hibernate.type.BasicTypeRegistry     : Adding type registration imm_calendar_date -> org.hibernate.type.AdaptedImmutableType@d70e9a
2023-05-27 15:12:21.368 DEBUG 180476 --- [    Test worker] org.hibernate.type.BasicTypeRegistry     : Adding type registration imm_binary -> org.hibernate.type.AdaptedImmutableType@5e98032e
2023-05-27 15:12:21.368 DEBUG 180476 --- [    Test worker] org.hibernate.type.BasicTypeRegistry     : Adding type registration imm_serializable -> org.hibernate.type.AdaptedImmutableType@4fe8f2ae
2023-05-27 15:12:21.411  INFO 180476 --- [    Test worker] com.zaxxer.hikari.HikariDataSource       : HikariPool-1 - Starting...
2023-05-27 15:12:21.524  INFO 180476 --- [    Test worker] com.zaxxer.hikari.HikariDataSource       : HikariPool-1 - Start completed.
2023-05-27 15:12:21.559  INFO 180476 --- [    Test worker] org.hibernate.dialect.Dialect            : HHH000400: Using dialect: org.hibernate.dialect.MariaDB53Dialect
2023-05-27 15:12:21.598 DEBUG 180476 --- [    Test worker] o.h.type.spi.TypeConfiguration$Scope     : Scoping TypeConfiguration [org.hibernate.type.spi.TypeConfiguration@37ffe4f3] to MetadataBuildingContext [org.hibernate.boot.internal.MetadataBuildingContextRootImpl@4fa0ee7e]
2023-05-27 15:12:22.024 DEBUG 180476 --- [    Test worker] org.hibernate.type.EnumType              : Using NAMED-based conversion for Enum com.everyparking.server.data.entity.MemberStatus
2023-05-27 15:12:22.025 DEBUG 180476 --- [    Test worker] org.hibernate.type.EnumType              : Using NAMED-based conversion for Enum com.everyparking.server.data.entity.RoleType
2023-05-27 15:12:22.026 DEBUG 180476 --- [    Test worker] org.hibernate.type.EnumType              : Using NAMED-based conversion for Enum com.everyparking.server.data.entity.CarStatus
2023-05-27 15:12:22.026 DEBUG 180476 --- [    Test worker] org.hibernate.type.EnumType              : Using NAMED-based conversion for Enum com.everyparking.server.data.entity.ParkingStatus
2023-05-27 15:12:22.026 DEBUG 180476 --- [    Test worker] org.hibernate.type.EnumType              : Using NAMED-based conversion for Enum com.everyparking.server.data.entity.ReportStatus
2023-05-27 15:12:22.027 DEBUG 180476 --- [    Test worker] o.h.type.spi.TypeConfiguration$Scope     : Scoping TypeConfiguration [org.hibernate.type.spi.TypeConfiguration@37ffe4f3] to SessionFactoryImpl [org.hibernate.internal.SessionFactoryImpl@42d0e41]
2023-05-27 15:12:22.524 DEBUG 180476 --- [    Test worker] org.hibernate.SQL                        : 
    
    alter table member 
       drop 
       foreign key FKsev4q8fdxwy6niycwskmklvwx
2023-05-27 15:12:22.546 DEBUG 180476 --- [    Test worker] org.hibernate.SQL                        : 
    
    alter table member 
       drop 
       foreign key FKooq37npsgnsvp2aab38uf6klb
2023-05-27 15:12:22.559 DEBUG 180476 --- [    Test worker] org.hibernate.SQL                        : 
    
    alter table message 
       drop 
       foreign key FK4msccpwmxulmw875edu7p352d
2023-05-27 15:12:22.571 DEBUG 180476 --- [    Test worker] org.hibernate.SQL                        : 
    
    alter table message 
       drop 
       foreign key FKjusoilghlrkxd2gam6ly30fdd
2023-05-27 15:12:22.583 DEBUG 180476 --- [    Test worker] org.hibernate.SQL                        : 
    
    alter table message 
       drop 
       foreign key FKeid59e86pmn4dcpuborxrk3id
2023-05-27 15:12:22.595 DEBUG 180476 --- [    Test worker] org.hibernate.SQL                        : 
    
    alter table parking_info 
       drop 
       foreign key FKjhj2r0t48s78k97qf72xpawm0
2023-05-27 15:12:22.608 DEBUG 180476 --- [    Test worker] org.hibernate.SQL                        : 
    
    alter table parking_info 
       drop 
       foreign key FKjlmlpqme43cbfesbaj3f30225
2023-05-27 15:12:22.621 DEBUG 180476 --- [    Test worker] org.hibernate.SQL                        : 
    
    alter table report 
       drop 
       foreign key FKabqrfolh9pxufwkgwv5wata1c
2023-05-27 15:12:22.634 DEBUG 180476 --- [    Test worker] org.hibernate.SQL                        : 
    
    alter table upload_file 
       drop 
       foreign key FK8u9i9pa3m7slsihn06d7dgubp
2023-05-27 15:12:22.647 DEBUG 180476 --- [    Test worker] org.hibernate.SQL                        : 
    
    drop table if exists car
2023-05-27 15:12:22.660 DEBUG 180476 --- [    Test worker] org.hibernate.SQL                        : 
    
    drop table if exists entry_log
2023-05-27 15:12:22.673 DEBUG 180476 --- [    Test worker] org.hibernate.SQL                        : 
    
    drop table if exists member
2023-05-27 15:12:22.685 DEBUG 180476 --- [    Test worker] org.hibernate.SQL                        : 
    
    drop table if exists message
2023-05-27 15:12:22.698 DEBUG 180476 --- [    Test worker] org.hibernate.SQL                        : 
    
    drop table if exists parking_info
2023-05-27 15:12:22.809 DEBUG 180476 --- [    Test worker] org.hibernate.SQL                        : 
    
    drop table if exists parking_lot
2023-05-27 15:12:22.960 DEBUG 180476 --- [    Test worker] org.hibernate.SQL                        : 
    
    drop table if exists report
2023-05-27 15:12:23.052 DEBUG 180476 --- [    Test worker] org.hibernate.SQL                        : 
    
    drop table if exists upload_file
2023-05-27 15:12:23.271 DEBUG 180476 --- [    Test worker] org.hibernate.SQL                        : 
    
    create table car (
       car_id bigint not null auto_increment,
        created_time datetime(6),
        last_modified_time datetime(6),
        is_enter bit not null,
        parking_lot_id integer not null,
        car_number varchar(255),
        car_status varchar(255),
        model_name varchar(255),
        primary key (car_id)
    ) engine=InnoDB
2023-05-27 15:12:23.474 DEBUG 180476 --- [    Test worker] org.hibernate.SQL                        : 
    
    create table entry_log (
       id bigint not null auto_increment,
        car_number varchar(255) not null,
        entry_time datetime(6) not null,
        exit_time datetime(6),
        primary key (id)
    ) engine=InnoDB
2023-05-27 15:12:23.780 DEBUG 180476 --- [    Test worker] org.hibernate.SQL                        : 
    
    create table member (
       member_id bigint not null auto_increment,
        created_time datetime(6),
        last_modified_time datetime(6),
        member_status varchar(255),
        password varchar(255),
        role_type varchar(255),
        student_id integer not null,
        user_id varchar(255),
        email varchar(255),
        phone_number integer not null,
        user_name varchar(255),
        car_id bigint,
        parking_info_id bigint,
        primary key (member_id)
    ) engine=InnoDB
2023-05-27 15:12:24.087 DEBUG 180476 --- [    Test worker] org.hibernate.SQL                        : 
    
    create table message (
       message_id bigint not null auto_increment,
        created_time datetime(6),
        last_modified_time datetime(6),
        details varchar(255),
        member_id bigint,
        sender_member_id bigint,
        primary key (message_id)
    ) engine=InnoDB
2023-05-27 15:12:24.293 DEBUG 180476 --- [    Test worker] org.hibernate.SQL                        : 
    
    create table parking_info (
       parking_info_id bigint not null auto_increment,
        created_time datetime(6),
        last_modified_time datetime(6),
        parking_id integer not null,
        parking_status varchar(255),
        car_id bigint,
        parking_lot_id bigint,
        primary key (parking_info_id)
    ) engine=InnoDB
2023-05-27 15:12:24.521 DEBUG 180476 --- [    Test worker] org.hibernate.SQL                        : 
    
    create table parking_lot (
       parking_lot_id bigint not null auto_increment,
        created_time datetime(6),
        last_modified_time datetime(6),
        available integer not null,
        name varchar(255),
        total integer not null,
        used integer not null,
        primary key (parking_lot_id)
    ) engine=InnoDB
2023-05-27 15:12:24.906 DEBUG 180476 --- [    Test worker] org.hibernate.SQL                        : 
    
    create table report (
       report_id bigint not null auto_increment,
        created_time datetime(6),
        last_modified_time datetime(6),
        contents varchar(255),
        report_status varchar(255),
        title varchar(255),
        user_id varchar(255),
        image_id bigint,
        primary key (report_id)
    ) engine=InnoDB
2023-05-27 15:12:25.213 DEBUG 180476 --- [    Test worker] org.hibernate.SQL                        : 
    
    create table upload_file (
       image_id bigint not null auto_increment,
        created_time datetime(6),
        last_modified_time datetime(6),
        store_file_name varchar(255),
        upload_file_name varchar(255),
        report_report_id bigint,
        primary key (image_id)
    ) engine=InnoDB
2023-05-27 15:12:25.553 DEBUG 180476 --- [    Test worker] org.hibernate.SQL                        : 
    
    alter table member 
       add constraint FKsev4q8fdxwy6niycwskmklvwx 
       foreign key (car_id) 
       references car (car_id)
2023-05-27 15:12:26.158 DEBUG 180476 --- [    Test worker] org.hibernate.SQL                        : 
    
    alter table member 
       add constraint FKooq37npsgnsvp2aab38uf6klb 
       foreign key (parking_info_id) 
       references parking_info (parking_info_id)
2023-05-27 15:12:27.060 DEBUG 180476 --- [    Test worker] org.hibernate.SQL                        : 
    
    alter table message 
       add constraint FK4msccpwmxulmw875edu7p352d 
       foreign key (member_id) 
       references member (member_id)
2023-05-27 15:12:27.674 DEBUG 180476 --- [    Test worker] org.hibernate.SQL                        : 
    
    alter table message 
       add constraint FKjusoilghlrkxd2gam6ly30fdd 
       foreign key (sender_member_id) 
       references member (member_id)
2023-05-27 15:12:28.285 DEBUG 180476 --- [    Test worker] org.hibernate.SQL                        : 
    
    alter table message 
       add constraint FKeid59e86pmn4dcpuborxrk3id 
       foreign key (message_id) 
       references member (member_id)
2023-05-27 15:12:29.003 DEBUG 180476 --- [    Test worker] org.hibernate.SQL                        : 
    
    alter table parking_info 
       add constraint FKjhj2r0t48s78k97qf72xpawm0 
       foreign key (car_id) 
       references car (car_id)
2023-05-27 15:12:29.719 DEBUG 180476 --- [    Test worker] org.hibernate.SQL                        : 
    
    alter table parking_info 
       add constraint FKjlmlpqme43cbfesbaj3f30225 
       foreign key (parking_lot_id) 
       references parking_lot (parking_lot_id)
2023-05-27 15:12:30.332 DEBUG 180476 --- [    Test worker] org.hibernate.SQL                        : 
    
    alter table report 
       add constraint FKabqrfolh9pxufwkgwv5wata1c 
       foreign key (image_id) 
       references upload_file (image_id)
2023-05-27 15:12:30.948 DEBUG 180476 --- [    Test worker] org.hibernate.SQL                        : 
    
    alter table upload_file 
       add constraint FK8u9i9pa3m7slsihn06d7dgubp 
       foreign key (report_report_id) 
       references report (report_id)
2023-05-27 15:12:31.574  INFO 180476 --- [    Test worker] o.h.e.t.j.p.i.JtaPlatformInitiator       : HHH000490: Using JtaPlatform implementation: [org.hibernate.engine.transaction.jta.platform.internal.NoJtaPlatform]
2023-05-27 15:12:31.589 TRACE 180476 --- [    Test worker] o.h.type.spi.TypeConfiguration$Scope     : Handling #sessionFactoryCreated from [org.hibernate.internal.SessionFactoryImpl@42d0e41] for TypeConfiguration
2023-05-27 15:12:31.593  INFO 180476 --- [    Test worker] j.LocalContainerEntityManagerFactoryBean : Initialized JPA EntityManagerFactory for persistence unit 'default'
2023-05-27 15:12:32.816 DEBUG 180476 --- [    Test worker] org.hibernate.SQL                        : 
    insert 
    into
        member
        (created_time, last_modified_time, car_id, member_status, parking_info_id, password, role_type, student_id, user_id, email, phone_number, user_name) 
    values
        (?, ?, ?, ?, ?, ?, ?, ?, ?, ?, ?, ?)
2023-05-27 15:12:32.826 TRACE 180476 --- [    Test worker] o.h.type.descriptor.sql.BasicBinder      : binding parameter [1] as [TIMESTAMP] - [2023-05-27T15:12:32.757647400]
2023-05-27 15:12:32.827 TRACE 180476 --- [    Test worker] o.h.type.descriptor.sql.BasicBinder      : binding parameter [2] as [TIMESTAMP] - [null]
2023-05-27 15:12:32.828 TRACE 180476 --- [    Test worker] o.h.type.descriptor.sql.BasicBinder      : binding parameter [3] as [BIGINT] - [null]
2023-05-27 15:12:32.828 TRACE 180476 --- [    Test worker] o.h.type.descriptor.sql.BasicBinder      : binding parameter [4] as [VARCHAR] - [DEFAULT]
2023-05-27 15:12:32.829 TRACE 180476 --- [    Test worker] o.h.type.descriptor.sql.BasicBinder      : binding parameter [5] as [BIGINT] - [null]
2023-05-27 15:12:32.829 TRACE 180476 --- [    Test worker] o.h.type.descriptor.sql.BasicBinder      : binding parameter [6] as [VARCHAR] - [1234]
2023-05-27 15:12:32.829 TRACE 180476 --- [    Test worker] o.h.type.descriptor.sql.BasicBinder      : binding parameter [7] as [VARCHAR] - [ADMIN]
2023-05-27 15:12:32.829 TRACE 180476 --- [    Test worker] o.h.type.descriptor.sql.BasicBinder      : binding parameter [8] as [INTEGER] - [0]
2023-05-27 15:12:32.830 TRACE 180476 --- [    Test worker] o.h.type.descriptor.sql.BasicBinder      : binding parameter [9] as [VARCHAR] - [admin]
2023-05-27 15:12:32.830 TRACE 180476 --- [    Test worker] o.h.type.descriptor.sql.BasicBinder      : binding parameter [10] as [VARCHAR] - [admin@a.com]
2023-05-27 15:12:32.830 TRACE 180476 --- [    Test worker] o.h.type.descriptor.sql.BasicBinder      : binding parameter [11] as [INTEGER] - [12341234]
2023-05-27 15:12:32.830 TRACE 180476 --- [    Test worker] o.h.type.descriptor.sql.BasicBinder      : binding parameter [12] as [VARCHAR] - [관리자]
2023-05-27 15:12:33.140 DEBUG 180476 --- [    Test worker] org.hibernate.SQL                        : 
    insert 
    into
        parking_lot
        (created_time, last_modified_time, available, name, total, used) 
    values
        (?, ?, ?, ?, ?, ?)
2023-05-27 15:12:33.141 TRACE 180476 --- [    Test worker] o.h.type.descriptor.sql.BasicBinder      : binding parameter [1] as [TIMESTAMP] - [2023-05-27T15:12:33.121164400]
2023-05-27 15:12:33.141 TRACE 180476 --- [    Test worker] o.h.type.descriptor.sql.BasicBinder      : binding parameter [2] as [TIMESTAMP] - [null]
2023-05-27 15:12:33.141 TRACE 180476 --- [    Test worker] o.h.type.descriptor.sql.BasicBinder      : binding parameter [3] as [INTEGER] - [20]
2023-05-27 15:12:33.141 TRACE 180476 --- [    Test worker] o.h.type.descriptor.sql.BasicBinder      : binding parameter [4] as [VARCHAR] - [테스트]
2023-05-27 15:12:33.142 TRACE 180476 --- [    Test worker] o.h.type.descriptor.sql.BasicBinder      : binding parameter [5] as [INTEGER] - [56]
2023-05-27 15:12:33.142 TRACE 180476 --- [    Test worker] o.h.type.descriptor.sql.BasicBinder      : binding parameter [6] as [INTEGER] - [0]
2023-05-27 15:12:33.526 DEBUG 180476 --- [    Test worker] org.hibernate.SQL                        : 
    insert 
    into
        parking_info
        (created_time, last_modified_time, car_id, parking_id, parking_lot_id, parking_status) 
    values
        (?, ?, ?, ?, ?, ?)
2023-05-27 15:12:33.528 TRACE 180476 --- [    Test worker] o.h.type.descriptor.sql.BasicBinder      : binding parameter [1] as [TIMESTAMP] - [2023-05-27T15:12:33.514380300]
2023-05-27 15:12:33.528 TRACE 180476 --- [    Test worker] o.h.type.descriptor.sql.BasicBinder      : binding parameter [2] as [TIMESTAMP] - [null]
2023-05-27 15:12:33.528 TRACE 180476 --- [    Test worker] o.h.type.descriptor.sql.BasicBinder      : binding parameter [3] as [BIGINT] - [null]
2023-05-27 15:12:33.529 TRACE 180476 --- [    Test worker] o.h.type.descriptor.sql.BasicBinder      : binding parameter [4] as [INTEGER] - [1]
2023-05-27 15:12:33.529 TRACE 180476 --- [    Test worker] o.h.type.descriptor.sql.BasicBinder      : binding parameter [5] as [BIGINT] - [1]
2023-05-27 15:12:33.530 TRACE 180476 --- [    Test worker] o.h.type.descriptor.sql.BasicBinder      : binding parameter [6] as [VARCHAR] - [AVAILABLE]
2023-05-27 15:12:33.938 DEBUG 180476 --- [    Test worker] org.hibernate.SQL                        : 
    insert 
    into
        parking_info
        (created_time, last_modified_time, car_id, parking_id, parking_lot_id, parking_status) 
    values
        (?, ?, ?, ?, ?, ?)
2023-05-27 15:12:33.938 TRACE 180476 --- [    Test worker] o.h.type.descriptor.sql.BasicBinder      : binding parameter [1] as [TIMESTAMP] - [2023-05-27T15:12:33.937264700]
2023-05-27 15:12:33.938 TRACE 180476 --- [    Test worker] o.h.type.descriptor.sql.BasicBinder      : binding parameter [2] as [TIMESTAMP] - [null]
2023-05-27 15:12:33.938 TRACE 180476 --- [    Test worker] o.h.type.descriptor.sql.BasicBinder      : binding parameter [3] as [BIGINT] - [null]
2023-05-27 15:12:33.938 TRACE 180476 --- [    Test worker] o.h.type.descriptor.sql.BasicBinder      : binding parameter [4] as [INTEGER] - [2]
2023-05-27 15:12:33.938 TRACE 180476 --- [    Test worker] o.h.type.descriptor.sql.BasicBinder      : binding parameter [5] as [BIGINT] - [1]
2023-05-27 15:12:33.939 TRACE 180476 --- [    Test worker] o.h.type.descriptor.sql.BasicBinder      : binding parameter [6] as [VARCHAR] - [AVAILABLE]
2023-05-27 15:12:33.977 DEBUG 180476 --- [    Test worker] org.hibernate.SQL                        : 
    insert 
    into
        parking_info
        (created_time, last_modified_time, car_id, parking_id, parking_lot_id, parking_status) 
    values
        (?, ?, ?, ?, ?, ?)
2023-05-27 15:12:33.979 TRACE 180476 --- [    Test worker] o.h.type.descriptor.sql.BasicBinder      : binding parameter [1] as [TIMESTAMP] - [2023-05-27T15:12:33.977443800]
2023-05-27 15:12:33.979 TRACE 180476 --- [    Test worker] o.h.type.descriptor.sql.BasicBinder      : binding parameter [2] as [TIMESTAMP] - [null]
2023-05-27 15:12:33.979 TRACE 180476 --- [    Test worker] o.h.type.descriptor.sql.BasicBinder      : binding parameter [3] as [BIGINT] - [null]
2023-05-27 15:12:33.979 TRACE 180476 --- [    Test worker] o.h.type.descriptor.sql.BasicBinder      : binding parameter [4] as [INTEGER] - [3]
2023-05-27 15:12:33.979 TRACE 180476 --- [    Test worker] o.h.type.descriptor.sql.BasicBinder      : binding parameter [5] as [BIGINT] - [1]
2023-05-27 15:12:33.980 TRACE 180476 --- [    Test worker] o.h.type.descriptor.sql.BasicBinder      : binding parameter [6] as [VARCHAR] - [AVAILABLE]
2023-05-27 15:12:34.020 DEBUG 180476 --- [    Test worker] org.hibernate.SQL                        : 
    insert 
    into
        parking_info
        (created_time, last_modified_time, car_id, parking_id, parking_lot_id, parking_status) 
    values
        (?, ?, ?, ?, ?, ?)
2023-05-27 15:12:34.021 TRACE 180476 --- [    Test worker] o.h.type.descriptor.sql.BasicBinder      : binding parameter [1] as [TIMESTAMP] - [2023-05-27T15:12:34.018630900]
2023-05-27 15:12:34.022 TRACE 180476 --- [    Test worker] o.h.type.descriptor.sql.BasicBinder      : binding parameter [2] as [TIMESTAMP] - [null]
2023-05-27 15:12:34.022 TRACE 180476 --- [    Test worker] o.h.type.descriptor.sql.BasicBinder      : binding parameter [3] as [BIGINT] - [null]
2023-05-27 15:12:34.022 TRACE 180476 --- [    Test worker] o.h.type.descriptor.sql.BasicBinder      : binding parameter [4] as [INTEGER] - [4]
2023-05-27 15:12:34.031 TRACE 180476 --- [    Test worker] o.h.type.descriptor.sql.BasicBinder      : binding parameter [5] as [BIGINT] - [1]
2023-05-27 15:12:34.032 TRACE 180476 --- [    Test worker] o.h.type.descriptor.sql.BasicBinder      : binding parameter [6] as [VARCHAR] - [AVAILABLE]
2023-05-27 15:12:34.067 DEBUG 180476 --- [    Test worker] org.hibernate.SQL                        : 
    insert 
    into
        parking_info
        (created_time, last_modified_time, car_id, parking_id, parking_lot_id, parking_status) 
    values
        (?, ?, ?, ?, ?, ?)
2023-05-27 15:12:34.067 TRACE 180476 --- [    Test worker] o.h.type.descriptor.sql.BasicBinder      : binding parameter [1] as [TIMESTAMP] - [2023-05-27T15:12:34.065953200]
2023-05-27 15:12:34.067 TRACE 180476 --- [    Test worker] o.h.type.descriptor.sql.BasicBinder      : binding parameter [2] as [TIMESTAMP] - [null]
2023-05-27 15:12:34.068 TRACE 180476 --- [    Test worker] o.h.type.descriptor.sql.BasicBinder      : binding parameter [3] as [BIGINT] - [null]
2023-05-27 15:12:34.068 TRACE 180476 --- [    Test worker] o.h.type.descriptor.sql.BasicBinder      : binding parameter [4] as [INTEGER] - [5]
2023-05-27 15:12:34.068 TRACE 180476 --- [    Test worker] o.h.type.descriptor.sql.BasicBinder      : binding parameter [5] as [BIGINT] - [1]
2023-05-27 15:12:34.068 TRACE 180476 --- [    Test worker] o.h.type.descriptor.sql.BasicBinder      : binding parameter [6] as [VARCHAR] - [AVAILABLE]
2023-05-27 15:12:34.107 DEBUG 180476 --- [    Test worker] org.hibernate.SQL                        : 
    insert 
    into
        parking_info
        (created_time, last_modified_time, car_id, parking_id, parking_lot_id, parking_status) 
    values
        (?, ?, ?, ?, ?, ?)
2023-05-27 15:12:34.108 TRACE 180476 --- [    Test worker] o.h.type.descriptor.sql.BasicBinder      : binding parameter [1] as [TIMESTAMP] - [2023-05-27T15:12:34.107548800]
2023-05-27 15:12:34.108 TRACE 180476 --- [    Test worker] o.h.type.descriptor.sql.BasicBinder      : binding parameter [2] as [TIMESTAMP] - [null]
2023-05-27 15:12:34.108 TRACE 180476 --- [    Test worker] o.h.type.descriptor.sql.BasicBinder      : binding parameter [3] as [BIGINT] - [null]
2023-05-27 15:12:34.109 TRACE 180476 --- [    Test worker] o.h.type.descriptor.sql.BasicBinder      : binding parameter [4] as [INTEGER] - [6]
2023-05-27 15:12:34.109 TRACE 180476 --- [    Test worker] o.h.type.descriptor.sql.BasicBinder      : binding parameter [5] as [BIGINT] - [1]
2023-05-27 15:12:34.109 TRACE 180476 --- [    Test worker] o.h.type.descriptor.sql.BasicBinder      : binding parameter [6] as [VARCHAR] - [AVAILABLE]
2023-05-27 15:12:34.147 DEBUG 180476 --- [    Test worker] org.hibernate.SQL                        : 
    insert 
    into
        parking_info
        (created_time, last_modified_time, car_id, parking_id, parking_lot_id, parking_status) 
    values
        (?, ?, ?, ?, ?, ?)
2023-05-27 15:12:34.147 TRACE 180476 --- [    Test worker] o.h.type.descriptor.sql.BasicBinder      : binding parameter [1] as [TIMESTAMP] - [2023-05-27T15:12:34.146091200]
2023-05-27 15:12:34.147 TRACE 180476 --- [    Test worker] o.h.type.descriptor.sql.BasicBinder      : binding parameter [2] as [TIMESTAMP] - [null]
2023-05-27 15:12:34.149 TRACE 180476 --- [    Test worker] o.h.type.descriptor.sql.BasicBinder      : binding parameter [3] as [BIGINT] - [null]
2023-05-27 15:12:34.149 TRACE 180476 --- [    Test worker] o.h.type.descriptor.sql.BasicBinder      : binding parameter [4] as [INTEGER] - [7]
2023-05-27 15:12:34.149 TRACE 180476 --- [    Test worker] o.h.type.descriptor.sql.BasicBinder      : binding parameter [5] as [BIGINT] - [1]
2023-05-27 15:12:34.150 TRACE 180476 --- [    Test worker] o.h.type.descriptor.sql.BasicBinder      : binding parameter [6] as [VARCHAR] - [AVAILABLE]
2023-05-27 15:12:34.188 DEBUG 180476 --- [    Test worker] org.hibernate.SQL                        : 
    insert 
    into
        parking_info
        (created_time, last_modified_time, car_id, parking_id, parking_lot_id, parking_status) 
    values
        (?, ?, ?, ?, ?, ?)
2023-05-27 15:12:34.188 TRACE 180476 --- [    Test worker] o.h.type.descriptor.sql.BasicBinder      : binding parameter [1] as [TIMESTAMP] - [2023-05-27T15:12:34.187168100]
2023-05-27 15:12:34.190 TRACE 180476 --- [    Test worker] o.h.type.descriptor.sql.BasicBinder      : binding parameter [2] as [TIMESTAMP] - [null]
2023-05-27 15:12:34.190 TRACE 180476 --- [    Test worker] o.h.type.descriptor.sql.BasicBinder      : binding parameter [3] as [BIGINT] - [null]
2023-05-27 15:12:34.192 TRACE 180476 --- [    Test worker] o.h.type.descriptor.sql.BasicBinder      : binding parameter [4] as [INTEGER] - [8]
2023-05-27 15:12:34.197 TRACE 180476 --- [    Test worker] o.h.type.descriptor.sql.BasicBinder      : binding parameter [5] as [BIGINT] - [1]
2023-05-27 15:12:34.198 TRACE 180476 --- [    Test worker] o.h.type.descriptor.sql.BasicBinder      : binding parameter [6] as [VARCHAR] - [AVAILABLE]
2023-05-27 15:12:34.235 DEBUG 180476 --- [    Test worker] org.hibernate.SQL                        : 
    insert 
    into
        parking_info
        (created_time, last_modified_time, car_id, parking_id, parking_lot_id, parking_status) 
    values
        (?, ?, ?, ?, ?, ?)
2023-05-27 15:12:34.236 TRACE 180476 --- [    Test worker] o.h.type.descriptor.sql.BasicBinder      : binding parameter [1] as [TIMESTAMP] - [2023-05-27T15:12:34.234492400]
2023-05-27 15:12:34.240 TRACE 180476 --- [    Test worker] o.h.type.descriptor.sql.BasicBinder      : binding parameter [2] as [TIMESTAMP] - [null]
2023-05-27 15:12:34.240 TRACE 180476 --- [    Test worker] o.h.type.descriptor.sql.BasicBinder      : binding parameter [3] as [BIGINT] - [null]
2023-05-27 15:12:34.240 TRACE 180476 --- [    Test worker] o.h.type.descriptor.sql.BasicBinder      : binding parameter [4] as [INTEGER] - [9]
2023-05-27 15:12:34.241 TRACE 180476 --- [    Test worker] o.h.type.descriptor.sql.BasicBinder      : binding parameter [5] as [BIGINT] - [1]
2023-05-27 15:12:34.242 TRACE 180476 --- [    Test worker] o.h.type.descriptor.sql.BasicBinder      : binding parameter [6] as [VARCHAR] - [AVAILABLE]
2023-05-27 15:12:34.276 DEBUG 180476 --- [    Test worker] org.hibernate.SQL                        : 
    insert 
    into
        parking_info
        (created_time, last_modified_time, car_id, parking_id, parking_lot_id, parking_status) 
    values
        (?, ?, ?, ?, ?, ?)
2023-05-27 15:12:34.276 TRACE 180476 --- [    Test worker] o.h.type.descriptor.sql.BasicBinder      : binding parameter [1] as [TIMESTAMP] - [2023-05-27T15:12:34.276683200]
2023-05-27 15:12:34.276 TRACE 180476 --- [    Test worker] o.h.type.descriptor.sql.BasicBinder      : binding parameter [2] as [TIMESTAMP] - [null]
2023-05-27 15:12:34.276 TRACE 180476 --- [    Test worker] o.h.type.descriptor.sql.BasicBinder      : binding parameter [3] as [BIGINT] - [null]
2023-05-27 15:12:34.276 TRACE 180476 --- [    Test worker] o.h.type.descriptor.sql.BasicBinder      : binding parameter [4] as [INTEGER] - [10]
2023-05-27 15:12:34.276 TRACE 180476 --- [    Test worker] o.h.type.descriptor.sql.BasicBinder      : binding parameter [5] as [BIGINT] - [1]
2023-05-27 15:12:34.276 TRACE 180476 --- [    Test worker] o.h.type.descriptor.sql.BasicBinder      : binding parameter [6] as [VARCHAR] - [AVAILABLE]
2023-05-27 15:12:34.312 DEBUG 180476 --- [    Test worker] org.hibernate.SQL                        : 
    insert 
    into
        parking_info
        (created_time, last_modified_time, car_id, parking_id, parking_lot_id, parking_status) 
    values
        (?, ?, ?, ?, ?, ?)
2023-05-27 15:12:34.313 TRACE 180476 --- [    Test worker] o.h.type.descriptor.sql.BasicBinder      : binding parameter [1] as [TIMESTAMP] - [2023-05-27T15:12:34.312778]
2023-05-27 15:12:34.313 TRACE 180476 --- [    Test worker] o.h.type.descriptor.sql.BasicBinder      : binding parameter [2] as [TIMESTAMP] - [null]
2023-05-27 15:12:34.313 TRACE 180476 --- [    Test worker] o.h.type.descriptor.sql.BasicBinder      : binding parameter [3] as [BIGINT] - [null]
2023-05-27 15:12:34.313 TRACE 180476 --- [    Test worker] o.h.type.descriptor.sql.BasicBinder      : binding parameter [4] as [INTEGER] - [11]
2023-05-27 15:12:34.313 TRACE 180476 --- [    Test worker] o.h.type.descriptor.sql.BasicBinder      : binding parameter [5] as [BIGINT] - [1]
2023-05-27 15:12:34.313 TRACE 180476 --- [    Test worker] o.h.type.descriptor.sql.BasicBinder      : binding parameter [6] as [VARCHAR] - [AVAILABLE]
2023-05-27 15:12:34.347 DEBUG 180476 --- [    Test worker] org.hibernate.SQL                        : 
    insert 
    into
        parking_info
        (created_time, last_modified_time, car_id, parking_id, parking_lot_id, parking_status) 
    values
        (?, ?, ?, ?, ?, ?)
2023-05-27 15:12:34.348 TRACE 180476 --- [    Test worker] o.h.type.descriptor.sql.BasicBinder      : binding parameter [1] as [TIMESTAMP] - [2023-05-27T15:12:34.347767200]
2023-05-27 15:12:34.348 TRACE 180476 --- [    Test worker] o.h.type.descriptor.sql.BasicBinder      : binding parameter [2] as [TIMESTAMP] - [null]
2023-05-27 15:12:34.348 TRACE 180476 --- [    Test worker] o.h.type.descriptor.sql.BasicBinder      : binding parameter [3] as [BIGINT] - [null]
2023-05-27 15:12:34.348 TRACE 180476 --- [    Test worker] o.h.type.descriptor.sql.BasicBinder      : binding parameter [4] as [INTEGER] - [12]
2023-05-27 15:12:34.348 TRACE 180476 --- [    Test worker] o.h.type.descriptor.sql.BasicBinder      : binding parameter [5] as [BIGINT] - [1]
2023-05-27 15:12:34.349 TRACE 180476 --- [    Test worker] o.h.type.descriptor.sql.BasicBinder      : binding parameter [6] as [VARCHAR] - [AVAILABLE]
2023-05-27 15:12:34.383 DEBUG 180476 --- [    Test worker] org.hibernate.SQL                        : 
    insert 
    into
        parking_info
        (created_time, last_modified_time, car_id, parking_id, parking_lot_id, parking_status) 
    values
        (?, ?, ?, ?, ?, ?)
2023-05-27 15:12:34.384 TRACE 180476 --- [    Test worker] o.h.type.descriptor.sql.BasicBinder      : binding parameter [1] as [TIMESTAMP] - [2023-05-27T15:12:34.382346400]
2023-05-27 15:12:34.384 TRACE 180476 --- [    Test worker] o.h.type.descriptor.sql.BasicBinder      : binding parameter [2] as [TIMESTAMP] - [null]
2023-05-27 15:12:34.384 TRACE 180476 --- [    Test worker] o.h.type.descriptor.sql.BasicBinder      : binding parameter [3] as [BIGINT] - [null]
2023-05-27 15:12:34.384 TRACE 180476 --- [    Test worker] o.h.type.descriptor.sql.BasicBinder      : binding parameter [4] as [INTEGER] - [13]
2023-05-27 15:12:34.384 TRACE 180476 --- [    Test worker] o.h.type.descriptor.sql.BasicBinder      : binding parameter [5] as [BIGINT] - [1]
2023-05-27 15:12:34.384 TRACE 180476 --- [    Test worker] o.h.type.descriptor.sql.BasicBinder      : binding parameter [6] as [VARCHAR] - [AVAILABLE]
2023-05-27 15:12:34.424 DEBUG 180476 --- [    Test worker] org.hibernate.SQL                        : 
    insert 
    into
        parking_info
        (created_time, last_modified_time, car_id, parking_id, parking_lot_id, parking_status) 
    values
        (?, ?, ?, ?, ?, ?)
2023-05-27 15:12:34.424 TRACE 180476 --- [    Test worker] o.h.type.descriptor.sql.BasicBinder      : binding parameter [1] as [TIMESTAMP] - [2023-05-27T15:12:34.423684200]
2023-05-27 15:12:34.425 TRACE 180476 --- [    Test worker] o.h.type.descriptor.sql.BasicBinder      : binding parameter [2] as [TIMESTAMP] - [null]
2023-05-27 15:12:34.432 TRACE 180476 --- [    Test worker] o.h.type.descriptor.sql.BasicBinder      : binding parameter [3] as [BIGINT] - [null]
2023-05-27 15:12:34.432 TRACE 180476 --- [    Test worker] o.h.type.descriptor.sql.BasicBinder      : binding parameter [4] as [INTEGER] - [14]
2023-05-27 15:12:34.432 TRACE 180476 --- [    Test worker] o.h.type.descriptor.sql.BasicBinder      : binding parameter [5] as [BIGINT] - [1]
2023-05-27 15:12:34.432 TRACE 180476 --- [    Test worker] o.h.type.descriptor.sql.BasicBinder      : binding parameter [6] as [VARCHAR] - [AVAILABLE]
2023-05-27 15:12:34.469 DEBUG 180476 --- [    Test worker] org.hibernate.SQL                        : 
    insert 
    into
        parking_info
        (created_time, last_modified_time, car_id, parking_id, parking_lot_id, parking_status) 
    values
        (?, ?, ?, ?, ?, ?)
2023-05-27 15:12:34.470 TRACE 180476 --- [    Test worker] o.h.type.descriptor.sql.BasicBinder      : binding parameter [1] as [TIMESTAMP] - [2023-05-27T15:12:34.469007300]
2023-05-27 15:12:34.470 TRACE 180476 --- [    Test worker] o.h.type.descriptor.sql.BasicBinder      : binding parameter [2] as [TIMESTAMP] - [null]
2023-05-27 15:12:34.471 TRACE 180476 --- [    Test worker] o.h.type.descriptor.sql.BasicBinder      : binding parameter [3] as [BIGINT] - [null]
2023-05-27 15:12:34.471 TRACE 180476 --- [    Test worker] o.h.type.descriptor.sql.BasicBinder      : binding parameter [4] as [INTEGER] - [15]
2023-05-27 15:12:34.471 TRACE 180476 --- [    Test worker] o.h.type.descriptor.sql.BasicBinder      : binding parameter [5] as [BIGINT] - [1]
2023-05-27 15:12:34.471 TRACE 180476 --- [    Test worker] o.h.type.descriptor.sql.BasicBinder      : binding parameter [6] as [VARCHAR] - [AVAILABLE]
2023-05-27 15:12:34.505 DEBUG 180476 --- [    Test worker] org.hibernate.SQL                        : 
    insert 
    into
        parking_info
        (created_time, last_modified_time, car_id, parking_id, parking_lot_id, parking_status) 
    values
        (?, ?, ?, ?, ?, ?)
2023-05-27 15:12:34.505 TRACE 180476 --- [    Test worker] o.h.type.descriptor.sql.BasicBinder      : binding parameter [1] as [TIMESTAMP] - [2023-05-27T15:12:34.504431300]
2023-05-27 15:12:34.506 TRACE 180476 --- [    Test worker] o.h.type.descriptor.sql.BasicBinder      : binding parameter [2] as [TIMESTAMP] - [null]
2023-05-27 15:12:34.506 TRACE 180476 --- [    Test worker] o.h.type.descriptor.sql.BasicBinder      : binding parameter [3] as [BIGINT] - [null]
2023-05-27 15:12:34.506 TRACE 180476 --- [    Test worker] o.h.type.descriptor.sql.BasicBinder      : binding parameter [4] as [INTEGER] - [16]
2023-05-27 15:12:34.506 TRACE 180476 --- [    Test worker] o.h.type.descriptor.sql.BasicBinder      : binding parameter [5] as [BIGINT] - [1]
2023-05-27 15:12:34.506 TRACE 180476 --- [    Test worker] o.h.type.descriptor.sql.BasicBinder      : binding parameter [6] as [VARCHAR] - [AVAILABLE]
2023-05-27 15:12:34.542 DEBUG 180476 --- [    Test worker] org.hibernate.SQL                        : 
    insert 
    into
        parking_info
        (created_time, last_modified_time, car_id, parking_id, parking_lot_id, parking_status) 
    values
        (?, ?, ?, ?, ?, ?)
2023-05-27 15:12:34.543 TRACE 180476 --- [    Test worker] o.h.type.descriptor.sql.BasicBinder      : binding parameter [1] as [TIMESTAMP] - [2023-05-27T15:12:34.541429200]
2023-05-27 15:12:34.543 TRACE 180476 --- [    Test worker] o.h.type.descriptor.sql.BasicBinder      : binding parameter [2] as [TIMESTAMP] - [null]
2023-05-27 15:12:34.543 TRACE 180476 --- [    Test worker] o.h.type.descriptor.sql.BasicBinder      : binding parameter [3] as [BIGINT] - [null]
2023-05-27 15:12:34.543 TRACE 180476 --- [    Test worker] o.h.type.descriptor.sql.BasicBinder      : binding parameter [4] as [INTEGER] - [17]
2023-05-27 15:12:34.543 TRACE 180476 --- [    Test worker] o.h.type.descriptor.sql.BasicBinder      : binding parameter [5] as [BIGINT] - [1]
2023-05-27 15:12:34.543 TRACE 180476 --- [    Test worker] o.h.type.descriptor.sql.BasicBinder      : binding parameter [6] as [VARCHAR] - [AVAILABLE]
2023-05-27 15:12:34.579 DEBUG 180476 --- [    Test worker] org.hibernate.SQL                        : 
    insert 
    into
        parking_info
        (created_time, last_modified_time, car_id, parking_id, parking_lot_id, parking_status) 
    values
        (?, ?, ?, ?, ?, ?)
2023-05-27 15:12:34.580 TRACE 180476 --- [    Test worker] o.h.type.descriptor.sql.BasicBinder      : binding parameter [1] as [TIMESTAMP] - [2023-05-27T15:12:34.579418800]
2023-05-27 15:12:34.580 TRACE 180476 --- [    Test worker] o.h.type.descriptor.sql.BasicBinder      : binding parameter [2] as [TIMESTAMP] - [null]
2023-05-27 15:12:34.580 TRACE 180476 --- [    Test worker] o.h.type.descriptor.sql.BasicBinder      : binding parameter [3] as [BIGINT] - [null]
2023-05-27 15:12:34.580 TRACE 180476 --- [    Test worker] o.h.type.descriptor.sql.BasicBinder      : binding parameter [4] as [INTEGER] - [18]
2023-05-27 15:12:34.580 TRACE 180476 --- [    Test worker] o.h.type.descriptor.sql.BasicBinder      : binding parameter [5] as [BIGINT] - [1]
2023-05-27 15:12:34.580 TRACE 180476 --- [    Test worker] o.h.type.descriptor.sql.BasicBinder      : binding parameter [6] as [VARCHAR] - [AVAILABLE]
2023-05-27 15:12:34.612 DEBUG 180476 --- [    Test worker] org.hibernate.SQL                        : 
    insert 
    into
        parking_info
        (created_time, last_modified_time, car_id, parking_id, parking_lot_id, parking_status) 
    values
        (?, ?, ?, ?, ?, ?)
2023-05-27 15:12:34.613 TRACE 180476 --- [    Test worker] o.h.type.descriptor.sql.BasicBinder      : binding parameter [1] as [TIMESTAMP] - [2023-05-27T15:12:34.612526400]
2023-05-27 15:12:34.614 TRACE 180476 --- [    Test worker] o.h.type.descriptor.sql.BasicBinder      : binding parameter [2] as [TIMESTAMP] - [null]
2023-05-27 15:12:34.614 TRACE 180476 --- [    Test worker] o.h.type.descriptor.sql.BasicBinder      : binding parameter [3] as [BIGINT] - [null]
2023-05-27 15:12:34.614 TRACE 180476 --- [    Test worker] o.h.type.descriptor.sql.BasicBinder      : binding parameter [4] as [INTEGER] - [19]
2023-05-27 15:12:34.614 TRACE 180476 --- [    Test worker] o.h.type.descriptor.sql.BasicBinder      : binding parameter [5] as [BIGINT] - [1]
2023-05-27 15:12:34.614 TRACE 180476 --- [    Test worker] o.h.type.descriptor.sql.BasicBinder      : binding parameter [6] as [VARCHAR] - [AVAILABLE]
2023-05-27 15:12:34.645 DEBUG 180476 --- [    Test worker] org.hibernate.SQL                        : 
    insert 
    into
        parking_info
        (created_time, last_modified_time, car_id, parking_id, parking_lot_id, parking_status) 
    values
        (?, ?, ?, ?, ?, ?)
2023-05-27 15:12:34.649 TRACE 180476 --- [    Test worker] o.h.type.descriptor.sql.BasicBinder      : binding parameter [1] as [TIMESTAMP] - [2023-05-27T15:12:34.645421200]
2023-05-27 15:12:34.649 TRACE 180476 --- [    Test worker] o.h.type.descriptor.sql.BasicBinder      : binding parameter [2] as [TIMESTAMP] - [null]
2023-05-27 15:12:34.649 TRACE 180476 --- [    Test worker] o.h.type.descriptor.sql.BasicBinder      : binding parameter [3] as [BIGINT] - [null]
2023-05-27 15:12:34.649 TRACE 180476 --- [    Test worker] o.h.type.descriptor.sql.BasicBinder      : binding parameter [4] as [INTEGER] - [20]
2023-05-27 15:12:34.649 TRACE 180476 --- [    Test worker] o.h.type.descriptor.sql.BasicBinder      : binding parameter [5] as [BIGINT] - [1]
2023-05-27 15:12:34.649 TRACE 180476 --- [    Test worker] o.h.type.descriptor.sql.BasicBinder      : binding parameter [6] as [VARCHAR] - [AVAILABLE]
2023-05-27 15:12:34.695 DEBUG 180476 --- [    Test worker] org.hibernate.SQL                        : 
    insert 
    into
        parking_info
        (created_time, last_modified_time, car_id, parking_id, parking_lot_id, parking_status) 
    values
        (?, ?, ?, ?, ?, ?)
2023-05-27 15:12:34.696 TRACE 180476 --- [    Test worker] o.h.type.descriptor.sql.BasicBinder      : binding parameter [1] as [TIMESTAMP] - [2023-05-27T15:12:34.695823300]
2023-05-27 15:12:34.696 TRACE 180476 --- [    Test worker] o.h.type.descriptor.sql.BasicBinder      : binding parameter [2] as [TIMESTAMP] - [null]
2023-05-27 15:12:34.696 TRACE 180476 --- [    Test worker] o.h.type.descriptor.sql.BasicBinder      : binding parameter [3] as [BIGINT] - [null]
2023-05-27 15:12:34.696 TRACE 180476 --- [    Test worker] o.h.type.descriptor.sql.BasicBinder      : binding parameter [4] as [INTEGER] - [21]
2023-05-27 15:12:34.696 TRACE 180476 --- [    Test worker] o.h.type.descriptor.sql.BasicBinder      : binding parameter [5] as [BIGINT] - [1]
2023-05-27 15:12:34.696 TRACE 180476 --- [    Test worker] o.h.type.descriptor.sql.BasicBinder      : binding parameter [6] as [VARCHAR] - [AVAILABLE]
2023-05-27 15:12:34.728 DEBUG 180476 --- [    Test worker] org.hibernate.SQL                        : 
    insert 
    into
        parking_info
        (created_time, last_modified_time, car_id, parking_id, parking_lot_id, parking_status) 
    values
        (?, ?, ?, ?, ?, ?)
2023-05-27 15:12:34.729 TRACE 180476 --- [    Test worker] o.h.type.descriptor.sql.BasicBinder      : binding parameter [1] as [TIMESTAMP] - [2023-05-27T15:12:34.728019900]
2023-05-27 15:12:34.730 TRACE 180476 --- [    Test worker] o.h.type.descriptor.sql.BasicBinder      : binding parameter [2] as [TIMESTAMP] - [null]
2023-05-27 15:12:34.730 TRACE 180476 --- [    Test worker] o.h.type.descriptor.sql.BasicBinder      : binding parameter [3] as [BIGINT] - [null]
2023-05-27 15:12:34.730 TRACE 180476 --- [    Test worker] o.h.type.descriptor.sql.BasicBinder      : binding parameter [4] as [INTEGER] - [22]
2023-05-27 15:12:34.730 TRACE 180476 --- [    Test worker] o.h.type.descriptor.sql.BasicBinder      : binding parameter [5] as [BIGINT] - [1]
2023-05-27 15:12:34.730 TRACE 180476 --- [    Test worker] o.h.type.descriptor.sql.BasicBinder      : binding parameter [6] as [VARCHAR] - [AVAILABLE]
2023-05-27 15:12:34.763 DEBUG 180476 --- [    Test worker] org.hibernate.SQL                        : 
    insert 
    into
        parking_info
        (created_time, last_modified_time, car_id, parking_id, parking_lot_id, parking_status) 
    values
        (?, ?, ?, ?, ?, ?)
2023-05-27 15:12:34.763 TRACE 180476 --- [    Test worker] o.h.type.descriptor.sql.BasicBinder      : binding parameter [1] as [TIMESTAMP] - [2023-05-27T15:12:34.762246700]
2023-05-27 15:12:34.764 TRACE 180476 --- [    Test worker] o.h.type.descriptor.sql.BasicBinder      : binding parameter [2] as [TIMESTAMP] - [null]
2023-05-27 15:12:34.764 TRACE 180476 --- [    Test worker] o.h.type.descriptor.sql.BasicBinder      : binding parameter [3] as [BIGINT] - [null]
2023-05-27 15:12:34.764 TRACE 180476 --- [    Test worker] o.h.type.descriptor.sql.BasicBinder      : binding parameter [4] as [INTEGER] - [23]
2023-05-27 15:12:34.764 TRACE 180476 --- [    Test worker] o.h.type.descriptor.sql.BasicBinder      : binding parameter [5] as [BIGINT] - [1]
2023-05-27 15:12:34.764 TRACE 180476 --- [    Test worker] o.h.type.descriptor.sql.BasicBinder      : binding parameter [6] as [VARCHAR] - [AVAILABLE]
2023-05-27 15:12:34.798 DEBUG 180476 --- [    Test worker] org.hibernate.SQL                        : 
    insert 
    into
        parking_info
        (created_time, last_modified_time, car_id, parking_id, parking_lot_id, parking_status) 
    values
        (?, ?, ?, ?, ?, ?)
2023-05-27 15:12:34.799 TRACE 180476 --- [    Test worker] o.h.type.descriptor.sql.BasicBinder      : binding parameter [1] as [TIMESTAMP] - [2023-05-27T15:12:34.798457600]
2023-05-27 15:12:34.799 TRACE 180476 --- [    Test worker] o.h.type.descriptor.sql.BasicBinder      : binding parameter [2] as [TIMESTAMP] - [null]
2023-05-27 15:12:34.799 TRACE 180476 --- [    Test worker] o.h.type.descriptor.sql.BasicBinder      : binding parameter [3] as [BIGINT] - [null]
2023-05-27 15:12:34.799 TRACE 180476 --- [    Test worker] o.h.type.descriptor.sql.BasicBinder      : binding parameter [4] as [INTEGER] - [24]
2023-05-27 15:12:34.799 TRACE 180476 --- [    Test worker] o.h.type.descriptor.sql.BasicBinder      : binding parameter [5] as [BIGINT] - [1]
2023-05-27 15:12:34.799 TRACE 180476 --- [    Test worker] o.h.type.descriptor.sql.BasicBinder      : binding parameter [6] as [VARCHAR] - [AVAILABLE]
2023-05-27 15:12:34.836 DEBUG 180476 --- [    Test worker] org.hibernate.SQL                        : 
    insert 
    into
        parking_info
        (created_time, last_modified_time, car_id, parking_id, parking_lot_id, parking_status) 
    values
        (?, ?, ?, ?, ?, ?)
2023-05-27 15:12:34.836 TRACE 180476 --- [    Test worker] o.h.type.descriptor.sql.BasicBinder      : binding parameter [1] as [TIMESTAMP] - [2023-05-27T15:12:34.835652]
2023-05-27 15:12:34.836 TRACE 180476 --- [    Test worker] o.h.type.descriptor.sql.BasicBinder      : binding parameter [2] as [TIMESTAMP] - [null]
2023-05-27 15:12:34.836 TRACE 180476 --- [    Test worker] o.h.type.descriptor.sql.BasicBinder      : binding parameter [3] as [BIGINT] - [null]
2023-05-27 15:12:34.837 TRACE 180476 --- [    Test worker] o.h.type.descriptor.sql.BasicBinder      : binding parameter [4] as [INTEGER] - [25]
2023-05-27 15:12:34.837 TRACE 180476 --- [    Test worker] o.h.type.descriptor.sql.BasicBinder      : binding parameter [5] as [BIGINT] - [1]
2023-05-27 15:12:34.837 TRACE 180476 --- [    Test worker] o.h.type.descriptor.sql.BasicBinder      : binding parameter [6] as [VARCHAR] - [AVAILABLE]
2023-05-27 15:12:34.874 DEBUG 180476 --- [    Test worker] org.hibernate.SQL                        : 
    insert 
    into
        parking_info
        (created_time, last_modified_time, car_id, parking_id, parking_lot_id, parking_status) 
    values
        (?, ?, ?, ?, ?, ?)
2023-05-27 15:12:34.874 TRACE 180476 --- [    Test worker] o.h.type.descriptor.sql.BasicBinder      : binding parameter [1] as [TIMESTAMP] - [2023-05-27T15:12:34.873652600]
2023-05-27 15:12:34.874 TRACE 180476 --- [    Test worker] o.h.type.descriptor.sql.BasicBinder      : binding parameter [2] as [TIMESTAMP] - [null]
2023-05-27 15:12:34.874 TRACE 180476 --- [    Test worker] o.h.type.descriptor.sql.BasicBinder      : binding parameter [3] as [BIGINT] - [null]
2023-05-27 15:12:34.875 TRACE 180476 --- [    Test worker] o.h.type.descriptor.sql.BasicBinder      : binding parameter [4] as [INTEGER] - [26]
2023-05-27 15:12:34.875 TRACE 180476 --- [    Test worker] o.h.type.descriptor.sql.BasicBinder      : binding parameter [5] as [BIGINT] - [1]
2023-05-27 15:12:34.875 TRACE 180476 --- [    Test worker] o.h.type.descriptor.sql.BasicBinder      : binding parameter [6] as [VARCHAR] - [AVAILABLE]
2023-05-27 15:12:34.910 DEBUG 180476 --- [    Test worker] org.hibernate.SQL                        : 
    insert 
    into
        parking_info
        (created_time, last_modified_time, car_id, parking_id, parking_lot_id, parking_status) 
    values
        (?, ?, ?, ?, ?, ?)
2023-05-27 15:12:34.910 TRACE 180476 --- [    Test worker] o.h.type.descriptor.sql.BasicBinder      : binding parameter [1] as [TIMESTAMP] - [2023-05-27T15:12:34.909103900]
2023-05-27 15:12:34.911 TRACE 180476 --- [    Test worker] o.h.type.descriptor.sql.BasicBinder      : binding parameter [2] as [TIMESTAMP] - [null]
2023-05-27 15:12:34.912 TRACE 180476 --- [    Test worker] o.h.type.descriptor.sql.BasicBinder      : binding parameter [3] as [BIGINT] - [null]
2023-05-27 15:12:34.912 TRACE 180476 --- [    Test worker] o.h.type.descriptor.sql.BasicBinder      : binding parameter [4] as [INTEGER] - [27]
2023-05-27 15:12:34.912 TRACE 180476 --- [    Test worker] o.h.type.descriptor.sql.BasicBinder      : binding parameter [5] as [BIGINT] - [1]
2023-05-27 15:12:34.912 TRACE 180476 --- [    Test worker] o.h.type.descriptor.sql.BasicBinder      : binding parameter [6] as [VARCHAR] - [AVAILABLE]
2023-05-27 15:12:34.949 DEBUG 180476 --- [    Test worker] org.hibernate.SQL                        : 
    insert 
    into
        parking_info
        (created_time, last_modified_time, car_id, parking_id, parking_lot_id, parking_status) 
    values
        (?, ?, ?, ?, ?, ?)
2023-05-27 15:12:34.949 TRACE 180476 --- [    Test worker] o.h.type.descriptor.sql.BasicBinder      : binding parameter [1] as [TIMESTAMP] - [2023-05-27T15:12:34.947249300]
2023-05-27 15:12:34.950 TRACE 180476 --- [    Test worker] o.h.type.descriptor.sql.BasicBinder      : binding parameter [2] as [TIMESTAMP] - [null]
2023-05-27 15:12:34.950 TRACE 180476 --- [    Test worker] o.h.type.descriptor.sql.BasicBinder      : binding parameter [3] as [BIGINT] - [null]
2023-05-27 15:12:34.950 TRACE 180476 --- [    Test worker] o.h.type.descriptor.sql.BasicBinder      : binding parameter [4] as [INTEGER] - [28]
2023-05-27 15:12:34.950 TRACE 180476 --- [    Test worker] o.h.type.descriptor.sql.BasicBinder      : binding parameter [5] as [BIGINT] - [1]
2023-05-27 15:12:34.950 TRACE 180476 --- [    Test worker] o.h.type.descriptor.sql.BasicBinder      : binding parameter [6] as [VARCHAR] - [AVAILABLE]
2023-05-27 15:12:34.983 DEBUG 180476 --- [    Test worker] org.hibernate.SQL                        : 
    insert 
    into
        parking_info
        (created_time, last_modified_time, car_id, parking_id, parking_lot_id, parking_status) 
    values
        (?, ?, ?, ?, ?, ?)
2023-05-27 15:12:34.985 TRACE 180476 --- [    Test worker] o.h.type.descriptor.sql.BasicBinder      : binding parameter [1] as [TIMESTAMP] - [2023-05-27T15:12:34.982588400]
2023-05-27 15:12:34.987 TRACE 180476 --- [    Test worker] o.h.type.descriptor.sql.BasicBinder      : binding parameter [2] as [TIMESTAMP] - [null]
2023-05-27 15:12:34.987 TRACE 180476 --- [    Test worker] o.h.type.descriptor.sql.BasicBinder      : binding parameter [3] as [BIGINT] - [null]
2023-05-27 15:12:34.987 TRACE 180476 --- [    Test worker] o.h.type.descriptor.sql.BasicBinder      : binding parameter [4] as [INTEGER] - [29]
2023-05-27 15:12:34.988 TRACE 180476 --- [    Test worker] o.h.type.descriptor.sql.BasicBinder      : binding parameter [5] as [BIGINT] - [1]
2023-05-27 15:12:34.988 TRACE 180476 --- [    Test worker] o.h.type.descriptor.sql.BasicBinder      : binding parameter [6] as [VARCHAR] - [AVAILABLE]
2023-05-27 15:12:35.028 DEBUG 180476 --- [    Test worker] org.hibernate.SQL                        : 
    insert 
    into
        parking_info
        (created_time, last_modified_time, car_id, parking_id, parking_lot_id, parking_status) 
    values
        (?, ?, ?, ?, ?, ?)
[...]
2023-05-27 15:12:36.263 DEBUG 180476 --- [    Test worker] org.hibernate.SQL                        : 
    insert 
    into
        car
        (created_time, last_modified_time, is_enter, parking_lot_id, car_number, car_status, model_name) 
    values
        (?, ?, ?, ?, ?, ?, ?)
2023-05-27 15:12:36.264 TRACE 180476 --- [    Test worker] o.h.type.descriptor.sql.BasicBinder      : binding parameter [1] as [TIMESTAMP] - [2023-05-27T15:12:36.263655700]
2023-05-27 15:12:36.264 TRACE 180476 --- [    Test worker] o.h.type.descriptor.sql.BasicBinder      : binding parameter [2] as [TIMESTAMP] - [null]
2023-05-27 15:12:36.264 TRACE 180476 --- [    Test worker] o.h.type.descriptor.sql.BasicBinder      : binding parameter [3] as [BOOLEAN] - [false]
2023-05-27 15:12:36.264 TRACE 180476 --- [    Test worker] o.h.type.descriptor.sql.BasicBinder      : binding parameter [4] as [INTEGER] - [-1]
2023-05-27 15:12:36.264 TRACE 180476 --- [    Test worker] o.h.type.descriptor.sql.BasicBinder      : binding parameter [5] as [VARCHAR] - [12가1234]
2023-05-27 15:12:36.264 TRACE 180476 --- [    Test worker] o.h.type.descriptor.sql.BasicBinder      : binding parameter [6] as [VARCHAR] - [APPROVED]
2023-05-27 15:12:36.264 TRACE 180476 --- [    Test worker] o.h.type.descriptor.sql.BasicBinder      : binding parameter [7] as [VARCHAR] - [Genesis]
2023-05-27 15:12:36.307 DEBUG 180476 --- [    Test worker] org.hibernate.SQL                        : 
    select
        member0_.member_id as member_i1_2_0_,
        member0_.created_time as created_2_2_0_,
        member0_.last_modified_time as last_mod3_2_0_,
        member0_.car_id as car_id12_2_0_,
        member0_.member_status as member_s4_2_0_,
        member0_.parking_info_id as parking13_2_0_,
        member0_.password as password5_2_0_,
        member0_.role_type as role_typ6_2_0_,
        member0_.student_id as student_7_2_0_,
        member0_.user_id as user_id8_2_0_,
        member0_.email as email9_2_0_,
        member0_.phone_number as phone_n10_2_0_,
        member0_.user_name as user_na11_2_0_ 
    from
        member member0_ 
    where
        member0_.member_id=?
2023-05-27 15:12:36.308 TRACE 180476 --- [    Test worker] o.h.type.descriptor.sql.BasicBinder      : binding parameter [1] as [BIGINT] - [2]
2023-05-27 15:12:36.322 TRACE 180476 --- [    Test worker] o.h.type.descriptor.sql.BasicExtractor   : extracted value ([created_2_2_0_] : [TIMESTAMP]) - [2023-05-27T15:12:36.040598]
2023-05-27 15:12:36.322 TRACE 180476 --- [    Test worker] o.h.type.descriptor.sql.BasicExtractor   : extracted value ([last_mod3_2_0_] : [TIMESTAMP]) - [null]
2023-05-27 15:12:36.323 TRACE 180476 --- [    Test worker] o.h.type.descriptor.sql.BasicExtractor   : extracted value ([car_id12_2_0_] : [BIGINT]) - [null]
2023-05-27 15:12:36.323 TRACE 180476 --- [    Test worker] o.h.type.descriptor.sql.BasicExtractor   : extracted value ([member_s4_2_0_] : [VARCHAR]) - [DEFAULT]
2023-05-27 15:12:36.323 TRACE 180476 --- [    Test worker] o.h.type.descriptor.sql.BasicExtractor   : extracted value ([parking13_2_0_] : [BIGINT]) - [null]
2023-05-27 15:12:36.323 TRACE 180476 --- [    Test worker] o.h.type.descriptor.sql.BasicExtractor   : extracted value ([password5_2_0_] : [VARCHAR]) - [4567]
2023-05-27 15:12:36.323 TRACE 180476 --- [    Test worker] o.h.type.descriptor.sql.BasicExtractor   : extracted value ([role_typ6_2_0_] : [VARCHAR]) - [USER]
2023-05-27 15:12:36.324 TRACE 180476 --- [    Test worker] o.h.type.descriptor.sql.BasicExtractor   : extracted value ([student_7_2_0_] : [INTEGER]) - [0]
2023-05-27 15:12:36.324 TRACE 180476 --- [    Test worker] o.h.type.descriptor.sql.BasicExtractor   : extracted value ([user_id8_2_0_] : [VARCHAR]) - [testUser]
2023-05-27 15:12:36.324 TRACE 180476 --- [    Test worker] o.h.type.descriptor.sql.BasicExtractor   : extracted value ([email9_2_0_] : [VARCHAR]) - [test@a.com]
2023-05-27 15:12:36.324 TRACE 180476 --- [    Test worker] o.h.type.descriptor.sql.BasicExtractor   : extracted value ([phone_n10_2_0_] : [INTEGER]) - [0]
2023-05-27 15:12:36.324 TRACE 180476 --- [    Test worker] o.h.type.descriptor.sql.BasicExtractor   : extracted value ([user_na11_2_0_] : [VARCHAR]) - [테스트유저]
2023-05-27 15:12:36.336 TRACE 180476 --- [    Test worker] org.hibernate.type.CollectionType        : Created collection wrapper: [com.everyparking.server.data.entity.Member.messageList#2]
2023-05-27 15:12:36.338 DEBUG 180476 --- [    Test worker] org.hibernate.SQL                        : 
    select
        car0_.car_id as car_id1_0_0_,
        car0_.created_time as created_2_0_0_,
        car0_.last_modified_time as last_mod3_0_0_,
        car0_.is_enter as is_enter4_0_0_,
        car0_.parking_lot_id as parking_5_0_0_,
        car0_.car_number as car_numb6_0_0_,
        car0_.car_status as car_stat7_0_0_,
        car0_.model_name as model_na8_0_0_,
        member1_.member_id as member_i1_2_1_,
        member1_.created_time as created_2_2_1_,
        member1_.last_modified_time as last_mod3_2_1_,
        member1_.car_id as car_id12_2_1_,
        member1_.member_status as member_s4_2_1_,
        member1_.parking_info_id as parking13_2_1_,
        member1_.password as password5_2_1_,
        member1_.role_type as role_typ6_2_1_,
        member1_.student_id as student_7_2_1_,
        member1_.user_id as user_id8_2_1_,
        member1_.email as email9_2_1_,
        member1_.phone_number as phone_n10_2_1_,
        member1_.user_name as user_na11_2_1_,
        parkinginf2_.parking_info_id as parking_1_4_2_,
        parkinginf2_.created_time as created_2_4_2_,
        parkinginf2_.last_modified_time as last_mod3_4_2_,
        parkinginf2_.car_id as car_id6_4_2_,
        parkinginf2_.parking_id as parking_4_4_2_,
        parkinginf2_.parking_lot_id as parking_7_4_2_,
        parkinginf2_.parking_status as parking_5_4_2_ 
    from
        car car0_ 
    left outer join
        member member1_ 
            on car0_.car_id=member1_.car_id 
    left outer join
        parking_info parkinginf2_ 
            on member1_.parking_info_id=parkinginf2_.parking_info_id 
    where
        car0_.car_id=?
2023-05-27 15:12:36.339 TRACE 180476 --- [    Test worker] o.h.type.descriptor.sql.BasicBinder      : binding parameter [1] as [BIGINT] - [4]
2023-05-27 15:12:36.350 TRACE 180476 --- [    Test worker] o.h.type.descriptor.sql.BasicExtractor   : extracted value ([member_i1_2_1_] : [BIGINT]) - [null]
2023-05-27 15:12:36.350 TRACE 180476 --- [    Test worker] o.h.type.descriptor.sql.BasicExtractor   : extracted value ([parking_1_4_2_] : [BIGINT]) - [null]
2023-05-27 15:12:36.351 TRACE 180476 --- [    Test worker] o.h.type.descriptor.sql.BasicExtractor   : extracted value ([created_2_0_0_] : [TIMESTAMP]) - [2023-05-27T15:12:36.263655]
2023-05-27 15:12:36.351 TRACE 180476 --- [    Test worker] o.h.type.descriptor.sql.BasicExtractor   : extracted value ([last_mod3_0_0_] : [TIMESTAMP]) - [null]
2023-05-27 15:12:36.352 TRACE 180476 --- [    Test worker] o.h.type.descriptor.sql.BasicExtractor   : extracted value ([is_enter4_0_0_] : [BOOLEAN]) - [false]
2023-05-27 15:12:36.352 TRACE 180476 --- [    Test worker] o.h.type.descriptor.sql.BasicExtractor   : extracted value ([parking_5_0_0_] : [INTEGER]) - [-1]
2023-05-27 15:12:36.352 TRACE 180476 --- [    Test worker] o.h.type.descriptor.sql.BasicExtractor   : extracted value ([car_numb6_0_0_] : [VARCHAR]) - [12가1234]
2023-05-27 15:12:36.353 TRACE 180476 --- [    Test worker] o.h.type.descriptor.sql.BasicExtractor   : extracted value ([car_stat7_0_0_] : [VARCHAR]) - [APPROVED]
2023-05-27 15:12:36.353 TRACE 180476 --- [    Test worker] o.h.type.descriptor.sql.BasicExtractor   : extracted value ([model_na8_0_0_] : [VARCHAR]) - [Genesis]
2023-05-27 15:12:36.354 TRACE 180476 --- [    Test worker] org.hibernate.type.CollectionType        : Created collection wrapper: [com.everyparking.server.data.entity.Car.parkingInfo#4]
2023-05-27 15:12:36.370 DEBUG 180476 --- [    Test worker] org.hibernate.SQL                        : 
    update
        member 
    set
        created_time=?,
        last_modified_time=?,
        car_id=?,
        member_status=?,
        parking_info_id=?,
        password=?,
        role_type=?,
        student_id=?,
        user_id=?,
        email=?,
        phone_number=?,
        user_name=? 
    where
        member_id=?
2023-05-27 15:12:36.370 TRACE 180476 --- [    Test worker] o.h.type.descriptor.sql.BasicBinder      : binding parameter [1] as [TIMESTAMP] - [2023-05-27T15:12:36.040598700]
2023-05-27 15:12:36.370 TRACE 180476 --- [    Test worker] o.h.type.descriptor.sql.BasicBinder      : binding parameter [2] as [TIMESTAMP] - [null]
2023-05-27 15:12:36.370 TRACE 180476 --- [    Test worker] o.h.type.descriptor.sql.BasicBinder      : binding parameter [3] as [BIGINT] - [4]
2023-05-27 15:12:36.370 TRACE 180476 --- [    Test worker] o.h.type.descriptor.sql.BasicBinder      : binding parameter [4] as [VARCHAR] - [DEFAULT]
2023-05-27 15:12:36.370 TRACE 180476 --- [    Test worker] o.h.type.descriptor.sql.BasicBinder      : binding parameter [5] as [BIGINT] - [null]
2023-05-27 15:12:36.370 TRACE 180476 --- [    Test worker] o.h.type.descriptor.sql.BasicBinder      : binding parameter [6] as [VARCHAR] - [4567]
2023-05-27 15:12:36.370 TRACE 180476 --- [    Test worker] o.h.type.descriptor.sql.BasicBinder      : binding parameter [7] as [VARCHAR] - [USER]
2023-05-27 15:12:36.370 TRACE 180476 --- [    Test worker] o.h.type.descriptor.sql.BasicBinder      : binding parameter [8] as [INTEGER] - [0]
2023-05-27 15:12:36.371 TRACE 180476 --- [    Test worker] o.h.type.descriptor.sql.BasicBinder      : binding parameter [9] as [VARCHAR] - [testUser]
2023-05-27 15:12:36.371 TRACE 180476 --- [    Test worker] o.h.type.descriptor.sql.BasicBinder      : binding parameter [10] as [VARCHAR] - [test@a.com]
2023-05-27 15:12:36.371 TRACE 180476 --- [    Test worker] o.h.type.descriptor.sql.BasicBinder      : binding parameter [11] as [INTEGER] - [0]
2023-05-27 15:12:36.371 TRACE 180476 --- [    Test worker] o.h.type.descriptor.sql.BasicBinder      : binding parameter [12] as [VARCHAR] - [테스트유저]
2023-05-27 15:12:36.371 TRACE 180476 --- [    Test worker] o.h.type.descriptor.sql.BasicBinder      : binding parameter [13] as [BIGINT] - [2]
2023-05-27 15:12:36.380 DEBUG 180476 --- [    Test worker] org.hibernate.SQL                        : 
    update
        message 
    set
        message_id=null 
    where
        message_id=?
2023-05-27 15:12:36.380 TRACE 180476 --- [    Test worker] o.h.type.descriptor.sql.BasicBinder      : binding parameter [1] as [BIGINT] - [2]
2023-05-27 15:12:36.415 DEBUG 180476 --- [    Test worker] org.hibernate.SQL                        : 
    insert 
    into
        member
        (created_time, last_modified_time, car_id, member_status, parking_info_id, password, role_type, student_id, user_id, email, phone_number, user_name) 
    values
        (?, ?, ?, ?, ?, ?, ?, ?, ?, ?, ?, ?)
2023-05-27 15:12:36.415 TRACE 180476 --- [    Test worker] o.h.type.descriptor.sql.BasicBinder      : binding parameter [1] as [TIMESTAMP] - [2023-05-27T15:12:36.414297500]
2023-05-27 15:12:36.415 TRACE 180476 --- [    Test worker] o.h.type.descriptor.sql.BasicBinder      : binding parameter [2] as [TIMESTAMP] - [null]
2023-05-27 15:12:36.415 TRACE 180476 --- [    Test worker] o.h.type.descriptor.sql.BasicBinder      : binding parameter [3] as [BIGINT] - [null]
2023-05-27 15:12:36.415 TRACE 180476 --- [    Test worker] o.h.type.descriptor.sql.BasicBinder      : binding parameter [4] as [VARCHAR] - [DEFAULT]
2023-05-27 15:12:36.415 TRACE 180476 --- [    Test worker] o.h.type.descriptor.sql.BasicBinder      : binding parameter [5] as [BIGINT] - [null]
2023-05-27 15:12:36.415 TRACE 180476 --- [    Test worker] o.h.type.descriptor.sql.BasicBinder      : binding parameter [6] as [VARCHAR] - [1234]
2023-05-27 15:12:36.415 TRACE 180476 --- [    Test worker] o.h.type.descriptor.sql.BasicBinder      : binding parameter [7] as [VARCHAR] - [USER]
2023-05-27 15:12:36.415 TRACE 180476 --- [    Test worker] o.h.type.descriptor.sql.BasicBinder      : binding parameter [8] as [INTEGER] - [0]
2023-05-27 15:12:36.415 TRACE 180476 --- [    Test worker] o.h.type.descriptor.sql.BasicBinder      : binding parameter [9] as [VARCHAR] - [1]
2023-05-27 15:12:36.415 TRACE 180476 --- [    Test worker] o.h.type.descriptor.sql.BasicBinder      : binding parameter [10] as [VARCHAR] - [1@naver.com]
2023-05-27 15:12:36.415 TRACE 180476 --- [    Test worker] o.h.type.descriptor.sql.BasicBinder      : binding parameter [11] as [INTEGER] - [12341234]
2023-05-27 15:12:36.415 TRACE 180476 --- [    Test worker] o.h.type.descriptor.sql.BasicBinder      : binding parameter [12] as [VARCHAR] - [테스트 사용자]
2023-05-27 15:12:36.447 DEBUG 180476 --- [    Test worker] org.hibernate.SQL                        : 
    select
        member0_.member_id as member_i1_2_0_,
        member0_.created_time as created_2_2_0_,
        member0_.last_modified_time as last_mod3_2_0_,
        member0_.car_id as car_id12_2_0_,
        member0_.member_status as member_s4_2_0_,
        member0_.parking_info_id as parking13_2_0_,
        member0_.password as password5_2_0_,
        member0_.role_type as role_typ6_2_0_,
        member0_.student_id as student_7_2_0_,
        member0_.user_id as user_id8_2_0_,
        member0_.email as email9_2_0_,
        member0_.phone_number as phone_n10_2_0_,
        member0_.user_name as user_na11_2_0_ 
    from
        member member0_ 
    where
        member0_.member_id=?
2023-05-27 15:12:36.447 TRACE 180476 --- [    Test worker] o.h.type.descriptor.sql.BasicBinder      : binding parameter [1] as [BIGINT] - [3]
2023-05-27 15:12:36.454 TRACE 180476 --- [    Test worker] o.h.type.descriptor.sql.BasicExtractor   : extracted value ([created_2_2_0_] : [TIMESTAMP]) - [2023-05-27T15:12:36.414297]
2023-05-27 15:12:36.454 TRACE 180476 --- [    Test worker] o.h.type.descriptor.sql.BasicExtractor   : extracted value ([last_mod3_2_0_] : [TIMESTAMP]) - [null]
2023-05-27 15:12:36.454 TRACE 180476 --- [    Test worker] o.h.type.descriptor.sql.BasicExtractor   : extracted value ([car_id12_2_0_] : [BIGINT]) - [null]
2023-05-27 15:12:36.454 TRACE 180476 --- [    Test worker] o.h.type.descriptor.sql.BasicExtractor   : extracted value ([member_s4_2_0_] : [VARCHAR]) - [DEFAULT]
2023-05-27 15:12:36.454 TRACE 180476 --- [    Test worker] o.h.type.descriptor.sql.BasicExtractor   : extracted value ([parking13_2_0_] : [BIGINT]) - [null]
2023-05-27 15:12:36.454 TRACE 180476 --- [    Test worker] o.h.type.descriptor.sql.BasicExtractor   : extracted value ([password5_2_0_] : [VARCHAR]) - [1234]
2023-05-27 15:12:36.454 TRACE 180476 --- [    Test worker] o.h.type.descriptor.sql.BasicExtractor   : extracted value ([role_typ6_2_0_] : [VARCHAR]) - [USER]
2023-05-27 15:12:36.454 TRACE 180476 --- [    Test worker] o.h.type.descriptor.sql.BasicExtractor   : extracted value ([student_7_2_0_] : [INTEGER]) - [0]
2023-05-27 15:12:36.455 TRACE 180476 --- [    Test worker] o.h.type.descriptor.sql.BasicExtractor   : extracted value ([user_id8_2_0_] : [VARCHAR]) - [1]
2023-05-27 15:12:36.455 TRACE 180476 --- [    Test worker] o.h.type.descriptor.sql.BasicExtractor   : extracted value ([email9_2_0_] : [VARCHAR]) - [1@naver.com]
2023-05-27 15:12:36.455 TRACE 180476 --- [    Test worker] o.h.type.descriptor.sql.BasicExtractor   : extracted value ([phone_n10_2_0_] : [INTEGER]) - [12341234]
2023-05-27 15:12:36.455 TRACE 180476 --- [    Test worker] o.h.type.descriptor.sql.BasicExtractor   : extracted value ([user_na11_2_0_] : [VARCHAR]) - [테스트 사용자]
2023-05-27 15:12:36.455 TRACE 180476 --- [    Test worker] org.hibernate.type.CollectionType        : Created collection wrapper: [com.everyparking.server.data.entity.Member.messageList#3]
2023-05-27 15:12:36.456 DEBUG 180476 --- [    Test worker] org.hibernate.SQL                        : 
    update
        member 
    set
        created_time=?,
        last_modified_time=?,
        car_id=?,
        member_status=?,
        parking_info_id=?,
        password=?,
        role_type=?,
        student_id=?,
        user_id=?,
        email=?,
        phone_number=?,
        user_name=? 
    where
        member_id=?
2023-05-27 15:12:36.456 TRACE 180476 --- [    Test worker] o.h.type.descriptor.sql.BasicBinder      : binding parameter [1] as [TIMESTAMP] - [2023-05-27T15:12:36.414297500]
2023-05-27 15:12:36.456 TRACE 180476 --- [    Test worker] o.h.type.descriptor.sql.BasicBinder      : binding parameter [2] as [TIMESTAMP] - [null]
2023-05-27 15:12:36.456 TRACE 180476 --- [    Test worker] o.h.type.descriptor.sql.BasicBinder      : binding parameter [3] as [BIGINT] - [null]
2023-05-27 15:12:36.456 TRACE 180476 --- [    Test worker] o.h.type.descriptor.sql.BasicBinder      : binding parameter [4] as [VARCHAR] - [DEFAULT]
2023-05-27 15:12:36.456 TRACE 180476 --- [    Test worker] o.h.type.descriptor.sql.BasicBinder      : binding parameter [5] as [BIGINT] - [null]
2023-05-27 15:12:36.456 TRACE 180476 --- [    Test worker] o.h.type.descriptor.sql.BasicBinder      : binding parameter [6] as [VARCHAR] - [1234]
2023-05-27 15:12:36.456 TRACE 180476 --- [    Test worker] o.h.type.descriptor.sql.BasicBinder      : binding parameter [7] as [VARCHAR] - [USER]
2023-05-27 15:12:36.456 TRACE 180476 --- [    Test worker] o.h.type.descriptor.sql.BasicBinder      : binding parameter [8] as [INTEGER] - [0]
2023-05-27 15:12:36.456 TRACE 180476 --- [    Test worker] o.h.type.descriptor.sql.BasicBinder      : binding parameter [9] as [VARCHAR] - [1]
2023-05-27 15:12:36.456 TRACE 180476 --- [    Test worker] o.h.type.descriptor.sql.BasicBinder      : binding parameter [10] as [VARCHAR] - [1@naver.com]
2023-05-27 15:12:36.456 TRACE 180476 --- [    Test worker] o.h.type.descriptor.sql.BasicBinder      : binding parameter [11] as [INTEGER] - [12341234]
2023-05-27 15:12:36.456 TRACE 180476 --- [    Test worker] o.h.type.descriptor.sql.BasicBinder      : binding parameter [12] as [VARCHAR] - [테스트 사용자]
2023-05-27 15:12:36.456 TRACE 180476 --- [    Test worker] o.h.type.descriptor.sql.BasicBinder      : binding parameter [13] as [BIGINT] - [3]
2023-05-27 15:12:36.465 DEBUG 180476 --- [    Test worker] org.hibernate.SQL                        : 
    update
        message 
    set
        message_id=null 
    where
        message_id=?
2023-05-27 15:12:36.465 TRACE 180476 --- [    Test worker] o.h.type.descriptor.sql.BasicBinder      : binding parameter [1] as [BIGINT] - [3]
2023-05-27 15:12:37.353  WARN 180476 --- [    Test worker] JpaBaseConfiguration$JpaWebConfiguration : spring.jpa.open-in-view is enabled by default. Therefore, database queries may be performed during view rendering. Explicitly configure spring.jpa.open-in-view to disable this warning
2023-05-27 15:12:38.176  INFO 180476 --- [    Test worker] o.s.b.a.w.s.WelcomePageHandlerMapping    : Adding welcome page: class path resource [static/index.html]
2023-05-27 15:12:38.355  WARN 180476 --- [    Test worker] ion$DefaultTemplateResolverConfiguration : Cannot find template location: classpath:/templates/ (please add some templates, check your Thymeleaf configuration, or set spring.thymeleaf.check-template-location=false)
2023-05-27 15:12:38.517  INFO 180476 --- [    Test worker] o.s.m.s.b.SimpleBrokerMessageHandler     : Starting...
2023-05-27 15:12:38.517  INFO 180476 --- [    Test worker] o.s.m.s.b.SimpleBrokerMessageHandler     : BrokerAvailabilityEvent[available=true, SimpleBrokerMessageHandler [org.springframework.messaging.simp.broker.DefaultSubscriptionRegistry@4dcc0e3d]]
2023-05-27 15:12:38.518  INFO 180476 --- [    Test worker] o.s.m.s.b.SimpleBrokerMessageHandler     : Started.
2023-05-27 15:12:38.533  INFO 180476 --- [    Test worker] c.e.server.ServerApplicationTests        : Started ServerApplicationTests in 19.911 seconds (JVM running for 21.523)
]]></system-out>
  <system-err><![CDATA[]]></system-err>
</testsuite>
